NEB log file generated by ORCA
All quantities are given in atomic units. Unless stated otherwise. 
iteration       : 0
climbing        : no
zoom on         : no
nim             : 8
barrier         :   0.00000000 (image:  0) 
distance        :   0.00000000    1.15799376    2.31724446    3.47724603    4.63508207    5.78188644    6.92052766    8.05861147 
energy          : -270.65388441  -270.65524202  -270.65668599  -270.65760524  -270.65810062  -270.66028564  -270.66337626  -270.66460113 
max(|Fr_perp|)   :   0.00000000    0.00976190    0.00771482    0.00980011    0.01167182    0.01066118    0.00804816    0.00000000 
Fr_paral         :   0.00124242    0.00121285    0.00144830    0.00095961    0.00239613    0.00940523    0.00115164    0.00004076 
max(|Fsp_paral|) :   0.00000000    0.00000553    0.00000356    0.00001053    0.00006848    0.00006728    0.00000517    0.00000000 
max(|Fsp_perp|)  :   0.00000000    0.00000000    0.00000000    0.00000000    0.00000000    0.00000000    0.00000000    0.00000000 
max(|FNEB|)      :   0.01904749    0.00982303    0.00778989    0.00987217    0.01176173    0.01079475    0.00805078    0.00853269 
max(|Force|)     :   0.01929595    0.00955645    0.00784540    0.00984095    0.01142034    0.01241554    0.00806688    0.00852934 
ksp              :   0.01000000    0.01000000    0.01000000    0.01000000    0.01000000    0.01000000    0.01000000 
max(|step|)      :   0.03762386    0.01940310    0.01538710    0.01950016    0.02323256    0.02132251    0.01590244    0.01685434 
angle (deg.)     :    12.0138  21.5644  29.3006  51.7048  49.2197  53.3874 
>
iteration       : 1
climbing        : no
zoom on         : no
nim             : 8
barrier         :   0.00000000 (image:  0) 
distance        :   0.00000000    1.15873861    2.31880848    3.47975949    4.64016011    5.79531017    6.94865265    8.08463668 
energy          : -270.65451627  -270.65554905  -270.65701464  -270.65818261  -270.65902878  -270.66101335  -270.66373069  -270.66486166 
max(|Fr_perp|)   :   0.00000000    0.00567670    0.00591391    0.00891741    0.00997055    0.00849631    0.00774696    0.00000000 
Fr_paral         :   0.00061840    0.00133954    0.00148719    0.00088753   -0.00106009   -0.00237811    0.00250184    0.00004918 
max(|Fsp_paral|) :   0.00000000    0.00000579    0.00000421    0.00000269    0.00003254    0.00001495    0.00012963    0.00000000 
max(|Fsp_perp|)  :   0.00000000    0.00000000    0.00000000    0.00000000    0.00000000    0.00000000    0.00000000    0.00000000 
max(|FNEB|)      :   0.00694119    0.00567015    0.00591508    0.00891605    0.00995994    0.00849638    0.00774489    0.00757638 
max(|Force|)     :   0.00683685    0.00511887    0.00629471    0.00916097    0.00974667    0.00841493    0.00778414    0.00757201 
ksp              :   0.01000000    0.01000000    0.01000000    0.01000000    0.01000000    0.01000000    0.01000000 
max(|step|)      :   0.01302561    0.00994171    0.01356227    0.01914336    0.02004516    0.01696951    0.01623312    0.01638168 
angle (deg.)     :    12.0940  21.5204  29.3373  51.4605  48.9857  53.3327 
>
iteration       : 2
climbing        : no
zoom on         : no
nim             : 8
barrier         :   0.00000000 (image:  0) 
distance        :   0.00000000    1.15940016    2.32055702    3.48203063    4.64257303    5.79350592    6.94394176    8.07919810 
energy          : -270.65457837  -270.65573186  -270.65722005  -270.65853302  -270.65961593  -270.66145305  -270.66399904  -270.66507026 
max(|Fr_perp|)   :   0.00000000    0.00426889    0.00452308    0.00648450    0.00665932    0.00590900    0.00573606    0.00000000 
Fr_paral         :   0.00066786    0.00144661    0.00152863    0.00107887    0.00017399   -0.00145940    0.00203415    0.00011916 
max(|Fsp_paral|) :   0.00000000    0.00000768    0.00000150    0.00000457    0.00005978    0.00000411    0.00011363    0.00000000 
max(|Fsp_perp|)  :   0.00000000    0.00000000    0.00000000    0.00000000    0.00000000    0.00000000    0.00000000    0.00000000 
max(|FNEB|)      :   0.01002380    0.00427198    0.00452261    0.00648196    0.00663935    0.00590948    0.00573428    0.00562142 
max(|Force|)     :   0.00991608    0.00445466    0.00492200    0.00678559    0.00669619    0.00607052    0.00576525    0.00560911 
ksp              :   0.01000000    0.01000000    0.01000000    0.01000000    0.01000000    0.01000000    0.01000000 
max(|step|)      :   0.03404821    0.02811590    0.03627780    0.05023787    0.05077709    0.04399877    0.04351291    0.04363329 
angle (deg.)     :    12.4310  21.5825  29.5696  51.1656  47.9286  53.0257 
>
iteration       : 3
climbing        : no
zoom on         : no
nim             : 8
barrier         :   0.00000000 (image:  0) 
distance        :   0.00000000    1.16143894    2.32649437    3.48984132    4.65193099    5.79530238    6.93405313    8.06689883 
energy          : -270.65482022  -270.65601583  -270.65749317  -270.65887512  -270.66008491  -270.66180974  -270.66418990  -270.66525442 
max(|Fr_perp|)   :   0.00000000    0.00400275    0.00320641    0.00409112    0.00476951    0.00646103    0.00890195    0.00000000 
Fr_paral         :   0.00070643    0.00144035    0.00147886    0.00112183    0.00203768    0.00409424    0.00132652    0.00011294 
max(|Fsp_paral|) :   0.00000000    0.00001587    0.00000807    0.00000622    0.00011748    0.00003833    0.00004449    0.00000000 
max(|Fsp_perp|)  :   0.00000000    0.00000000    0.00000000    0.00000000    0.00000000    0.00000000    0.00000000    0.00000000 
max(|FNEB|)      :   0.00649328    0.00400807    0.00320205    0.00408785    0.00477010    0.00646100    0.00890218    0.00781646 
max(|Force|)     :   0.00665744    0.00417988    0.00353850    0.00436478    0.00476296    0.00644501    0.00889635    0.00781652 
ksp              :   0.01000000    0.01000000    0.01000000    0.01000000    0.01000000    0.01000000    0.01000000 
max(|step|)      :   0.01857756    0.01785052    0.01401047    0.01661250    0.01258740    0.01182848    0.01465385    0.01538007 
angle (deg.)     :    12.5948  21.7922  29.8672  51.1265  48.1135  53.0464 
>
iteration       : 4
climbing        : no
zoom on         : no
nim             : 8
barrier         :   0.00000000 (image:  0) 
distance        :   0.00000000    1.16241198    2.33001980    3.49405061    4.65758093    5.80574891    6.94596798    8.07628420 
energy          : -270.65504524  -270.65615847  -270.65760389  -270.65894797  -270.66010389  -270.66182765  -270.66420395  -270.66529808 
max(|Fr_perp|)   :   0.00000000    0.00441747    0.00247347    0.00303986    0.00596612    0.00783681    0.01024358    0.00000000 
Fr_paral         :   0.00061043    0.00143330    0.00143154    0.00095761   -0.00003665    0.00148054    0.00195345    0.00012213 
max(|Fsp_paral|) :   0.00000000    0.00002265    0.00001710    0.00000248    0.00009624    0.00006602    0.00007446    0.00000000 
max(|Fsp_perp|)  :   0.00000000    0.00000000    0.00000000    0.00000000    0.00000000    0.00000000    0.00000000    0.00000000 
max(|FNEB|)      :   0.00543884    0.00442477    0.00246773    0.00303992    0.00596664    0.00783680    0.01024363    0.00869335 
max(|Force|)     :   0.00551339    0.00459313    0.00272463    0.00303786    0.00596626    0.00783359    0.01024144    0.00869320 
ksp              :   0.01000000    0.01000000    0.01000000    0.01000000    0.01000000    0.01000000    0.01000000 
max(|step|)      :   0.00416268    0.00330483    0.00314863    0.00431410    0.00571921    0.00479767    0.00431524    0.00356586 
angle (deg.)     :    12.6101  21.7728  29.8705  50.9863  48.0950  53.0480 
>
iteration       : 5
climbing        : no
zoom on         : no
nim             : 8
barrier         :   0.00000000 (image:  0) 
distance        :   0.00000000    1.16229529    2.33004478    3.49375501    4.65655053    5.80299675    6.94272613    8.07283248 
energy          : -270.65508134  -270.65619449  -270.65763130  -270.65898996  -270.66018802  -270.66190509  -270.66429416  -270.66536431 
max(|Fr_perp|)   :   0.00000000    0.00419902    0.00240018    0.00181864    0.00213548    0.00283318    0.00396477    0.00000000 
Fr_paral         :   0.00060641    0.00142345    0.00145289    0.00107339    0.00072158    0.00169077    0.00177807    0.00011871 
max(|Fsp_paral|) :   0.00000000    0.00002383    0.00001921    0.00000454    0.00010257    0.00005578    0.00007240    0.00000000 
max(|Fsp_perp|)  :   0.00000000    0.00000000    0.00000000    0.00000000    0.00000000    0.00000000    0.00000000    0.00000000 
max(|FNEB|)      :   0.00540979    0.00420659    0.00239359    0.00181614    0.00210375    0.00283302    0.00396472    0.00354392 
max(|Force|)     :   0.00548377    0.00437334    0.00265522    0.00208094    0.00227862    0.00283063    0.00396418    0.00354390 
ksp              :   0.01000000    0.01000000    0.01000000    0.01000000    0.01000000    0.01000000    0.01000000 
max(|step|)      :   0.02006903    0.01725164    0.00911506    0.00938096    0.00979101    0.00888490    0.00750552    0.00777682 
angle (deg.)     :    12.8187  21.8752  30.0841  50.6122  47.9865  53.0073 
>
