NEB log file generated by ORCA
All quantities are given in atomic units. Unless stated otherwise. 
iteration       : 0
climbing        : yes
zoom on         : no
nim             : 10
barrier         :   0.00167490 (image:  6) 
distance        :   0.00000000    0.25160697    0.50889543    0.77200268    1.03708920    1.30455356    1.57379000    1.84041072    2.09963887    2.35246449 
energy          : -270.66551507  -270.66545988  -270.66513706  -270.66465176  -270.66416734  -270.66385515  -270.66384017  -270.66414209  -270.66458814  -270.66483747 
max(|Fr_perp|)   :   0.00000000    0.00225881    0.00301254    0.00386510    0.00442675    0.00453118    0.00413925    0.00326377    0.00189966    0.00000000 
Fr_paral         :   0.00000000   -0.00096777   -0.00196317   -0.00224886   -0.00178594   -0.00071309    0.00051534    0.00150358    0.00158352    0.00000000 
max(|Fsp_paral|) :   0.00000000    0.00004684    0.00340214    0.00807484    0.00493802    0.00040202    0.00020072    0.00570874    0.00786069    0.00000000 
max(|Fsp_perp|)  :   0.00000000    0.00000000    0.00000000    0.00000000    0.00000000    0.00000000    0.00000000    0.00000000    0.00000000    0.00000000 
max(|FNEB|)      :   0.00000000    0.00233893    0.00544466    0.01035643    0.00652011    0.00475275    0.00435457    0.00565701    0.00781241    0.00000000 
max(|Force|)     :   0.00068896    0.00257156    0.00408729    0.00409421    0.00467614    0.00477174    0.00434296    0.00340192    0.00199138    0.00005350 
ksp              :   0.01000000    0.01000000    0.02680638    0.07044190    0.09859162    0.10000000    0.10000000    0.07257795    0.03221797 
max(|step|)      :   0.00000000    0.00450334    0.01048307    0.01994012    0.01255372    0.00915087    0.00838423    0.01089193    0.01504189    0.00000000 
angle (deg.)     :    8.9160  9.0087  8.2443  7.9170  8.0118  7.8752  7.1081  7.3723 
>
iteration       : 1
climbing        : yes
zoom on         : no
nim             : 10
barrier         :   0.00168490 (image:  6) 
distance        :   0.00000000    0.25255543    0.51949999    0.79731834    1.05549007    1.30938709    1.57707049    1.82886519    2.08223979    2.35535766 
energy          : -270.66551507  -270.66545977  -270.66512049  -270.66460362  -270.66413203  -270.66384376  -270.66383017  -270.66411027  -270.66455205  -270.66483747 
max(|Fr_perp|)   :   0.00000000    0.00264400    0.00472132    0.00626128    0.00720423    0.00742621    0.00683249    0.00534968    0.00301228    0.00000000 
Fr_paral         :   0.00000000   -0.00057114   -0.00135022   -0.00176640   -0.00144564   -0.00062779    0.00067235    0.00176083    0.00187912    0.00000000 
max(|Fsp_paral|) :   0.00000000    0.00011562    0.00445137    0.00705024    0.00404626    0.00118221    0.00111608    0.00452063    0.00687135    0.00000000 
max(|Fsp_perp|)  :   0.00000000    0.00000000    0.00000000    0.00000000    0.00000000    0.00000000    0.00000000    0.00000000    0.00000000    0.00000000 
max(|FNEB|)      :   0.00000000    0.00264060    0.00521377    0.00708997    0.00726756    0.00743958    0.00683925    0.00563196    0.00736772    0.00000000 
max(|Force|)     :   0.00068896    0.00265644    0.00474686    0.00629033    0.00722365    0.00743262    0.00682572    0.00535651    0.00304098    0.00005350 
ksp              :   0.01000000    0.01000000    0.03089416    0.07302971    0.09878605    0.10000000    0.10000000    0.07497389    0.03550171 
max(|step|)      :   0.00000000    0.00078648    0.00767567    0.01485731    0.00892828    0.00294163    0.00257401    0.00999554    0.01349761    0.00008590 
angle (deg.)     :    9.2785  9.3665  8.3926  7.7096  7.7671  7.6755  6.9012  7.5454 
>
iteration       : 2
climbing        : yes
zoom on         : no
nim             : 10
barrier         :   0.00165846 (image:  6) 
distance        :   0.00000000    0.25291432    0.52886322    0.81723315    1.06844647    1.31181389    1.57682878    1.81685328    2.06505708    2.35618688 
energy          : -270.66551507  -270.66545920  -270.66511137  -270.66457856  -270.66413689  -270.66386966  -270.66385661  -270.66410788  -270.66452902  -270.66483747 
max(|Fr_perp|)   :   0.00000000    0.00253621    0.00330152    0.00438105    0.00498217    0.00511539    0.00471645    0.00376352    0.00230313    0.00000000 
Fr_paral         :   0.00000000   -0.00049659   -0.00124934   -0.00166385   -0.00135618   -0.00062648    0.00067546    0.00169219    0.00188842    0.00000000 
max(|Fsp_paral|) :   0.00000000    0.00018509    0.00523095    0.00608541    0.00350805    0.00172216    0.00175633    0.00358715    0.00588179    0.00000000 
max(|Fsp_perp|)  :   0.00000000    0.00000000    0.00000000    0.00000000    0.00000000    0.00000000    0.00000000    0.00000000    0.00000000    0.00000000 
max(|FNEB|)      :   0.00000000    0.00262927    0.00635053    0.00676578    0.00505808    0.00515870    0.00472347    0.00471701    0.00640285    0.00000000 
max(|Force|)     :   0.00068896    0.00248960    0.00332369    0.00440687    0.00499888    0.00511541    0.00471709    0.00376739    0.00276473    0.00005350 
ksp              :   0.01000000    0.01000000    0.03375624    0.07428301    0.09880279    0.10000000    0.10000000    0.07694446    0.03830227 
max(|step|)      :   0.00000000    0.00571643    0.06052136    0.10000000    0.05913616    0.02659165    0.01935379    0.07148086    0.09829676    0.00013068 
angle (deg.)     :    10.1383  10.0784  10.3044  5.9782  6.1077  6.3989  6.6216  10.2169 
>
iteration       : 3
climbing        : yes
zoom on         : yes
nim             : 8
barrier         :   0.00045055 (image:  3) 
distance        :   0.00000000    0.14038166    0.28057642    0.42078600    0.56116765    0.70134638    0.84149395    0.98187561 
energy          : -270.66434060  -270.66412907  -270.66397137  -270.66389005  -270.66389296  -270.66397555  -270.66413484  -270.66433411 
max(|Fr_perp|)   :   0.00000000    0.00106381    0.00140173    0.00177024    0.00128645    0.00174707    0.00192093    0.00000000 
Fr_paral         :  -0.00153655   -0.00139443   -0.00094946   -0.00037280    0.00040940    0.00085574    0.00126887   -0.00138354 
max(|Fsp_paral|) :   0.00000000    0.00281830    0.00156859    0.00002222    0.00009488    0.00176048    0.00327662    0.00000000 
max(|Fsp_perp|)  :   0.00000000    0.00000000    0.00000000    0.00000000    0.00000000    0.00000000    0.00000000    0.00000000 
max(|FNEB|)      :   0.00209615    0.00347646    0.00276730    0.00189195    0.00136902    0.00193659    0.00345459    0.00361544 
max(|Force|)     :   0.00236397    0.00178759    0.00192912    0.00188954    0.00143742    0.00205862    0.00235664    0.00382192 
ksp              :   0.05125367    0.08323182    0.10000000    0.10000000    0.09928038    0.08181658    0.05000575 
max(|step|)      :   0.00404945    0.00671601    0.00534601    0.00365497    0.00264475    0.00374120    0.00667376    0.00698449 
angle (deg.)     :    5.2509  4.6346  5.2467  5.6242  4.1557  4.6458 
>
iteration       : 4
climbing        : yes
zoom on         : yes
nim             : 8
barrier         :   0.00045123 (image:  3) 
distance        :   0.00000000    0.14925490    0.28564711    0.42171019    0.56185601    0.69793219    0.83415544    0.98307087 
energy          : -270.66435519  -270.66413385  -270.66398228  -270.66390396  -270.66390581  -270.66398341  -270.66412688  -270.66433359 
max(|Fr_perp|)   :   0.00000000    0.00119753    0.00181680    0.00210252    0.00185576    0.00131326    0.00210243    0.00000000 
Fr_paral         :  -0.00174527   -0.00130519   -0.00079513   -0.00020438    0.00027901    0.00089645    0.00137603   -0.00171086 
max(|Fsp_paral|) :   0.00000000    0.00230291    0.00146617    0.00028601    0.00032226    0.00160743    0.00254449    0.00000000 
max(|Fsp_perp|)  :   0.00000000    0.00000000    0.00000000    0.00000000    0.00000000    0.00000000    0.00000000    0.00000000 
max(|FNEB|)      :   0.00168113    0.00239016    0.00257906    0.00217466    0.00169479    0.00243030    0.00341448    0.00393273 
max(|Force|)     :   0.00270131    0.00107314    0.00154183    0.00203038    0.00195428    0.00162620    0.00258033    0.00443748 
ksp              :   0.05184141    0.08359439    0.10000000    0.10000000    0.09961369    0.08335631    0.05330199 
max(|step|)      :   0.00111106    0.00491058    0.00357873    0.00256750    0.00237537    0.00397573    0.00600067    0.00242036 
angle (deg.)     :    5.1934  4.4612  5.0096  5.2649  4.2380  4.5705 
>
