NEB log file generated by ORCA
All quantities are given in atomic units. Unless stated otherwise. 
iteration       : 0
climbing        : no
zoom on         : no
nim             : 10
barrier         :   0.01721891 (image:  5) 
distance        :   0.00000000    0.39269776    0.78871627    1.18966301    1.59393769    2.00098403    2.40816539    2.81309870    3.21519699    3.61534906 
energy          : -49.86612754  -49.86485304  -49.86158892  -49.85678540  -49.85156168  -49.84890863  -49.85467123  -49.87372543  -49.89955210  -49.91462727 
max(|Fr_perp|)   :   0.00000000    0.01869349    0.03461389    0.04682386    0.05382278    0.05004208    0.03374285    0.01760100    0.02283974    0.00000000 
Fr_paral         :   0.00000000   -0.00627319   -0.01102655   -0.01388451   -0.01196764    0.00083655    0.02969880    0.06146501    0.06171462    0.00000000 
max(|Fsp_paral|) :   0.00000000    0.00380502    0.00638885    0.00808539    0.00458768    0.00000792    0.01002603    0.01923075    0.00001572    0.00000000 
max(|Fsp_perp|)  :   0.00000000    0.00000000    0.00000000    0.00000000    0.00000000    0.00000000    0.00000000    0.00000000    0.00000000    0.00000000 
max(|FNEB|)      :   0.00000000    0.01886762    0.03486765    0.04702468    0.05384779    0.05026693    0.03446642    0.01915702    0.02286668    0.00000000 
max(|Force|)     :   0.00059687    0.01927781    0.03531665    0.04778922    0.05466169    0.05022754    0.04023464    0.06596755    0.06350709    0.00007681 
ksp              :   0.01666931    0.03375515    0.05886769    0.08618697    0.10000000    0.10000000    0.06982911    0.01000000    0.01000000 
max(|step|)      :   0.00000000    0.02992620    0.05530408    0.07458652    0.08540875    0.07972910    0.05466768    0.03038522    0.03626917    0.00000000 
angle (deg.)     :    12.2439  11.3927  11.5165  11.7135  12.0203  7.3852  10.8019  17.8073 
>
iteration       : 1
climbing        : no
zoom on         : no
nim             : 10
barrier         :   0.01153623 (image:  5) 
distance        :   0.00000000    0.40680419    0.81175259    1.21751813    1.61495067    2.01326789    2.40511192    2.79874413    3.24241266    3.65150033 
energy          : -49.86612754  -49.86492288  -49.86212414  -49.85854601  -49.85552511  -49.85459131  -49.85776945  -49.87423565  -49.90305136  -49.91462727 
max(|Fr_perp|)   :   0.00000000    0.02425760    0.04460802    0.05860702    0.06004283    0.03803280    0.02666376    0.02005337    0.01520504    0.00000000 
Fr_paral         :   0.00000000   -0.00481061   -0.00736351   -0.00726606   -0.00307655    0.00060669    0.02195294    0.06326577    0.05868433    0.00000000 
max(|Fsp_paral|) :   0.00000000    0.00496610    0.00725882    0.00650138    0.00238640    0.00052087    0.00773912    0.01972386    0.00026129    0.00000000 
max(|Fsp_perp|)  :   0.00000000    0.00000000    0.00000000    0.00000000    0.00000000    0.00000000    0.00000000    0.00000000    0.00000000    0.00000000 
max(|FNEB|)      :   0.00000000    0.02433679    0.04471100    0.05878875    0.06022406    0.03798553    0.03021873    0.02465625    0.01520753    0.00000000 
max(|Force|)     :   0.00059687    0.02421434    0.04454128    0.05845680    0.05985596    0.03807710    0.02878873    0.06569146    0.05874532    0.00007681 
ksp              :   0.01939821    0.04123262    0.06914739    0.09271497    0.10000000    0.10000000    0.07520575    0.01000000    0.01000000 
max(|step|)      :   0.00000000    0.01037316    0.01892889    0.02433033    0.03221921    0.03737432    0.02965168    0.02245038    0.01543725    0.00019842 
angle (deg.)     :    12.4626  11.4202  11.3109  11.4149  13.1382  9.3477  12.5345  23.6237 
>
iteration       : 2
climbing        : no
zoom on         : no
nim             : 10
barrier         :   0.00909511 (image:  5) 
distance        :   0.00000000    0.41562943    0.82344651    1.22700178    1.61671545    2.01151278    2.39607096    2.78237495    3.25355929    3.67330062 
energy          : -49.86612754  -49.86534125  -49.86357183  -49.86120118  -49.85879937  -49.85703243  -49.85892297  -49.87412990  -49.90465569  -49.91462727 
max(|Fr_perp|)   :   0.00000000    0.00840316    0.01486165    0.02006403    0.02450416    0.02724504    0.02325840    0.01694176    0.01392231    0.00000000 
Fr_paral         :   0.00000000   -0.00307529   -0.00503365   -0.00618666   -0.00620229   -0.00212460    0.01836735    0.06292159    0.05641635    0.00000000 
max(|Fsp_paral|) :   0.00000000    0.00395551    0.00600837    0.00628908    0.00591487    0.00083672    0.00575655    0.02083133    0.00038553    0.00000000 
max(|Fsp_perp|)  :   0.00000000    0.00000000    0.00000000    0.00000000    0.00000000    0.00000000    0.00000000    0.00000000    0.00000000    0.00000000 
max(|FNEB|)      :   0.00000000    0.00861292    0.01507178    0.02021335    0.02470065    0.02760170    0.02606532    0.02126459    0.01353678    0.00000000 
max(|Force|)     :   0.00059687    0.00831102    0.01474812    0.01995469    0.02500373    0.02798511    0.02545161    0.06327086    0.05620259    0.00007681 
ksp              :   0.01778073    0.03528989    0.05874849    0.08251539    0.10000000    0.10000000    0.08129232    0.01000000    0.01000000 
max(|step|)      :   0.00000000    0.01786258    0.03717012    0.06090918    0.08415912    0.10000000    0.08261767    0.06149054    0.04390705    0.00248280 
angle (deg.)     :    13.1710  11.8920  11.6758  11.9343  17.4741  15.2553  19.4887  39.6684 
>
iteration       : 3
climbing        : yes
zoom on         : no
nim             : 10
barrier         :   0.00576030 (image:  5) 
distance        :   0.00000000    0.44017160    0.85822655    1.26183951    1.64296047    2.02172089    2.39250480    2.76076424    3.31917613    3.78791274 
energy          : -49.86612754  -49.86545600  -49.86409121  -49.86247127  -49.86113175  -49.86036724  -49.86137876  -49.87316740  -49.90826974  -49.91462727 
max(|Fr_perp|)   :   0.00000000    0.00497482    0.00775937    0.00815376    0.00827465    0.00977836    0.01440919    0.01389422    0.01199492    0.00000000 
Fr_paral         :   0.00000000   -0.00243978   -0.00366568   -0.00389497   -0.00322938   -0.00107619    0.01185938    0.05800102    0.04494789    0.00000000 
max(|Fsp_paral|) :   0.00000000    0.00477967    0.00633405    0.00493449    0.00355322    0.00066531    0.00499393    0.01892947    0.00065987    0.00000000 
max(|Fsp_perp|)  :   0.00000000    0.00000000    0.00000000    0.00000000    0.00000000    0.00000000    0.00000000    0.00000000    0.00000000    0.00000000 
max(|FNEB|)      :   0.00000000    0.00542558    0.00821129    0.00845033    0.00838360    0.01006253    0.01650538    0.02941250    0.01135798    0.00000000 
max(|Force|)     :   0.00059687    0.00497965    0.00779024    0.00819482    0.00846125    0.01016571    0.01767927    0.05571086    0.04503040    0.00007681 
ksp              :   0.02047971    0.04179113    0.06708390    0.08807439    0.10000000    0.10000000    0.08427089    0.01000000    0.01000000 
max(|step|)      :   0.00000000    0.01423585    0.02154510    0.02217229    0.02199721    0.02640246    0.04330746    0.07717366    0.02980151    0.00000000 
angle (deg.)     :    13.3635  11.9009  11.6811  12.6667  16.8635  15.1459  17.6427  47.5485 
>
iteration       : 4
climbing        : yes
zoom on         : no
nim             : 10
barrier         :   0.00480234 (image:  5) 
distance        :   0.00000000    0.46172975    0.88145109    1.27580424    1.65213229    2.02212269    2.38386383    2.70742396    3.33358423    3.83277446 
energy          : -49.86612754  -49.86530483  -49.86380489  -49.86236045  -49.86154347  -49.86132520  -49.86211590  -49.87126144  -49.90990219  -49.91462727 
max(|Fr_perp|)   :   0.00000000    0.01525399    0.02439890    0.02604355    0.01754700    0.01262247    0.02734565    0.01351221    0.00864380    0.00000000 
Fr_paral         :   0.00000000   -0.00317418   -0.00411153   -0.00317170   -0.00054575   -0.00029108    0.01120805    0.05060772    0.04168092    0.00000000 
max(|Fsp_paral|) :   0.00000000    0.00603181    0.00622921    0.00330182    0.00075181    0.00069115    0.00721545    0.01644231    0.00092693    0.00000000 
max(|Fsp_perp|)  :   0.00000000    0.00000000    0.00000000    0.00000000    0.00000000    0.00000000    0.00000000    0.00000000    0.00000000    0.00000000 
max(|FNEB|)      :   0.00000000    0.01556957    0.02469504    0.02607264    0.01759663    0.01259933    0.02795123    0.01834534    0.00867000    0.00000000 
max(|Force|)     :   0.00059687    0.01536469    0.02453240    0.02605891    0.01751709    0.01264561    0.02655760    0.04755262    0.03823645    0.00007681 
ksp              :   0.02541840    0.05352844    0.08059852    0.09590948    0.10000000    0.10000000    0.08518171    0.01000000    0.01000000 
max(|step|)      :   0.00000000    0.01724390    0.01684683    0.01892172    0.02104224    0.02511134    0.03858701    0.06783503    0.02657215    0.00132091 
angle (deg.)     :    13.8189  12.0233  11.6978  12.5057  17.6745  16.0541  17.7719  54.0716 
>
iteration       : 5
climbing        : yes
zoom on         : no
nim             : 10
barrier         :   0.00418735 (image:  5) 
distance        :   0.00000000    0.48689231    0.90694079    1.29080021    1.66063697    2.02727778    2.37859372    2.66462789    3.35887907    3.89412138 
energy          : -49.86612754  -49.86542805  -49.86421795  -49.86298194  -49.86211359  -49.86194019  -49.86306165  -49.86951568  -49.91100332  -49.91462727 
max(|Fr_perp|)   :   0.00000000    0.00485902    0.00693656    0.00834409    0.01022302    0.01077266    0.02372535    0.01815091    0.00591990    0.00000000 
Fr_paral         :   0.00000000   -0.00275878   -0.00380158   -0.00356297   -0.00192458    0.00129442    0.01051856    0.04047934    0.03824425    0.00000000 
max(|Fsp_paral|) :   0.00000000    0.00518673    0.00563957    0.00449146    0.00089084    0.00129848    0.01143920    0.01157780    0.00114990    0.00000000 
max(|Fsp_perp|)  :   0.00000000    0.00000000    0.00000000    0.00000000    0.00000000    0.00000000    0.00000000    0.00000000    0.00000000    0.00000000 
max(|FNEB|)      :   0.00000000    0.00766039    0.00789528    0.00825499    0.01021290    0.01084282    0.02455643    0.01884065    0.00595680    0.00000000 
max(|Force|)     :   0.00059687    0.00498142    0.00705458    0.00839869    0.01024142    0.01070250    0.02307409    0.03811540    0.03196822    0.00007681 
ksp              :   0.02503431    0.05104353    0.07760944    0.09627308    0.10000000    0.10000000    0.07589619    0.01000000    0.01000000 
max(|step|)      :   0.00000000    0.03057401    0.03050437    0.03180783    0.03496544    0.04098568    0.06590107    0.10000000    0.04138743    0.00152621 
angle (deg.)     :    14.9969  12.6696  11.9851  12.4161  18.7624  17.5913  20.3421  62.6007 
>
iteration       : 6
climbing        : yes
zoom on         : no
nim             : 10
barrier         :   0.00332117 (image:  4) 
distance        :   0.00000000    0.53074560    0.95307530    1.32453390    1.68205758    2.03901100    2.36518521    2.61124618    3.41432008    4.01792140 
energy          : -49.86612754  -49.86542746  -49.86435152  -49.86337286  -49.86280638  -49.86293229  -49.86421489  -49.86788159  -49.91211252  -49.91462727 
max(|Fr_perp|)   :   0.00000000    0.00206285    0.00408775    0.00583969    0.00707331    0.00788985    0.00733449    0.00786838    0.00386769    0.00000000 
Fr_paral         :   0.00000000   -0.00227103   -0.00291618   -0.00247732   -0.00097090    0.00202519    0.00836148    0.02536565    0.03201585    0.00000000 
max(|Fsp_paral|) :   0.00000000    0.00524524    0.00474229    0.00336615    0.00004457    0.00355697    0.01422380    0.00577575    0.00141118    0.00000000 
max(|Fsp_perp|)  :   0.00000000    0.00000000    0.00000000    0.00000000    0.00000000    0.00000000    0.00000000    0.00000000    0.00000000    0.00000000 
max(|FNEB|)      :   0.00000000    0.00633764    0.00464658    0.00586641    0.00716554    0.00801549    0.01200363    0.00850754    0.00399712    0.00000000 
max(|Force|)     :   0.00059687    0.00213046    0.00419915    0.00595983    0.00717825    0.00795996    0.00956534    0.02287333    0.02231189    0.00007681 
ksp              :   0.02891484    0.05816587    0.08467954    0.10000000    0.10000000    0.09673098    0.06189299    0.01000000    0.01000000 
max(|step|)      :   0.00000000    0.01615069    0.01184122    0.01494982    0.01826048    0.02042649    0.03058975    0.02168040    0.01018617    0.00000000 
angle (deg.)     :    15.4454  12.6261  12.2143  12.5158  18.1206  15.7834  18.8385  64.0620 
>
iteration       : 7
climbing        : yes
zoom on         : no
nim             : 10
barrier         :   0.00305276 (image:  4) 
distance        :   0.00000000    0.55421661    0.97086258    1.33628932    1.68386131    2.03629478    2.32816683    2.59864497    3.41621195    4.03870914 
energy          : -49.86612754  -49.86539250  -49.86430625  -49.86341650  -49.86307478  -49.86333627  -49.86437066  -49.86791792  -49.91220988  -49.91462727 
max(|Fr_perp|)   :   0.00000000    0.00601195    0.01225305    0.01302151    0.00612285    0.00701594    0.00699666    0.00748549    0.00457303    0.00000000 
Fr_paral         :   0.00000000   -0.00226204   -0.00271471   -0.00170290   -0.00033998    0.00213994    0.00675767    0.02382154    0.03164664    0.00000000 
max(|Fsp_paral|) :   0.00000000    0.00516622    0.00437617    0.00149359    0.00040453    0.00711893    0.00897140    0.00693411    0.00136566    0.00000000 
max(|Fsp_perp|)  :   0.00000000    0.00000000    0.00000000    0.00000000    0.00000000    0.00000000    0.00000000    0.00000000    0.00000000    0.00000000 
max(|FNEB|)      :   0.00000000    0.00628571    0.01241521    0.01307062    0.00613062    0.00722252    0.00809579    0.00786323    0.00493424    0.00000000 
max(|Force|)     :   0.00059687    0.00594304    0.01218343    0.01297741    0.00611741    0.00680935    0.00758932    0.02117249    0.02422661    0.00007681 
ksp              :   0.03167023    0.06369457    0.08992556    0.10000000    0.10000000    0.09229099    0.06179555    0.01000000    0.01000000 
max(|step|)      :   0.00000000    0.01403502    0.01152265    0.01286151    0.01005014    0.01225371    0.02165554    0.01473947    0.00837082    0.00055005 
angle (deg.)     :    15.7961  12.6717  12.1438  12.6155  17.3361  15.2815  18.8524  65.2367 
>
iteration       : 8
climbing        : yes
zoom on         : no
nim             : 10
barrier         :   0.00287951 (image:  4) 
distance        :   0.00000000    0.57502641    0.98590155    1.34292225    1.68502440    2.03273634    2.30125514    2.58509625    3.41992989    4.05918611 
energy          : -49.86612754  -49.86539505  -49.86442743  -49.86362302  -49.86324803  -49.86351420  -49.86441570  -49.86776105  -49.91221759  -49.91462727 
max(|Fr_perp|)   :   0.00000000    0.00246790    0.00518343    0.00612357    0.00488531    0.00565654    0.00560159    0.00529571    0.00314897    0.00000000 
Fr_paral         :   0.00000000   -0.00212116   -0.00253425   -0.00185860   -0.00036336    0.00220507    0.00593312    0.02210285    0.03093607    0.00000000 
max(|Fsp_paral|) :   0.00000000    0.00407302    0.00388031    0.00212716    0.00046867    0.00872011    0.00581001    0.00790048    0.00136150    0.00000000 
max(|Fsp_perp|)  :   0.00000000    0.00000000    0.00000000    0.00000000    0.00000000    0.00000000    0.00000000    0.00000000    0.00000000    0.00000000 
max(|FNEB|)      :   0.00000000    0.00476027    0.00531934    0.00617716    0.00483319    0.00586111    0.00629084    0.00644961    0.00320879    0.00000000 
max(|Force|)     :   0.00059687    0.00239682    0.00512166    0.00608658    0.00491907    0.00545198    0.00663378    0.01980509    0.02340457    0.00007681 
ksp              :   0.03289430    0.06313767    0.08827965    0.10000000    0.10000000    0.09168081    0.06350420    0.01000000    0.01000000 
max(|step|)      :   0.00000000    0.03078854    0.02189560    0.01914923    0.02186905    0.02674779    0.04420186    0.03234653    0.01799545    0.00089347 
angle (deg.)     :    16.8126  12.8961  12.0047  12.9903  15.8106  15.7145  20.4189  67.6990 
>
iteration       : 9
climbing        : yes
zoom on         : no
nim             : 10
barrier         :   0.00258589 (image:  4) 
distance        :   0.00000000    0.62075040    1.02047521    1.36023792    1.68957628    2.02589102    2.24847879    2.55381029    3.43407366    4.11152789 
energy          : -49.86612754  -49.86532807  -49.86438132  -49.86370350  -49.86354165  -49.86392683  -49.86462149  -49.86728404  -49.91214148  -49.91462727 
max(|Fr_perp|)   :   0.00000000    0.00642430    0.01307813    0.01486101    0.00959920    0.00495524    0.00492731    0.00432185    0.00347932    0.00000000 
Fr_paral         :   0.00000000   -0.00211503   -0.00231732   -0.00125192    0.00023783    0.00238724    0.00465263    0.01751336    0.02988807    0.00000000 
max(|Fsp_paral|) :   0.00000000    0.00283824    0.00265741    0.00069207    0.00057148    0.01238670    0.00019292    0.00843085    0.00139346    0.00000000 
max(|Fsp_perp|)  :   0.00000000    0.00000000    0.00000000    0.00000000    0.00000000    0.00000000    0.00000000    0.00000000    0.00000000    0.00000000 
max(|FNEB|)      :   0.00000000    0.00654800    0.01315363    0.01488194    0.00961512    0.00497916    0.00492852    0.00926938    0.00347764    0.00000000 
max(|Force|)     :   0.00059687    0.00636991    0.01303175    0.01483094    0.00960463    0.00493132    0.00558703    0.01691986    0.02218730    0.00007681 
ksp              :   0.03782503    0.07077576    0.09436693    0.10000000    0.10000000    0.08659400    0.06241705    0.01000000    0.01000000 
max(|step|)      :   0.00000000    0.05999423    0.04201945    0.03679380    0.04451448    0.05042864    0.06829883    0.06446559    0.03279404    0.00143776 
angle (deg.)     :    19.1879  13.1044  12.4280  13.7770  13.7084  21.2338  24.5534  71.5795 
>
iteration       : 10
climbing        : yes
zoom on         : no
nim             : 10
barrier         :   0.00213669 (image:  3) 
distance        :   0.00000000    0.71115190    1.08860799    1.38798572    1.70375970    2.01576668    2.17585672    2.49480530    3.47896380    4.23196738 
energy          : -49.86612754  -49.86523589  -49.86442583  -49.86399085  -49.86405112  -49.86456380  -49.86504006  -49.86652815  -49.91192408  -49.91462727 
max(|Fr_perp|)   :   0.00000000    0.00502514    0.01229339    0.01353256    0.00708403    0.00335610    0.00355337    0.00591532    0.00305997    0.00000000 
Fr_paral         :   0.00000000   -0.00192250   -0.00175600   -0.00044103    0.00088757    0.00259965    0.00353214    0.00977950    0.03012155    0.00000000 
max(|Fsp_paral|) :   0.00000000    0.00181398    0.00063634    0.00129924    0.00093570    0.01588346    0.00508757    0.00662924    0.00154307    0.00000000 
max(|Fsp_perp|)  :   0.00000000    0.00000000    0.00000000    0.00000000    0.00000000    0.00000000    0.00000000    0.00000000    0.00000000    0.00000000 
max(|FNEB|)      :   0.00000000    0.00495674    0.01227744    0.01354253    0.00705698    0.01595911    0.00539102    0.00966657    0.00306109    0.00000000 
max(|Force|)     :   0.00059687    0.00498117    0.01226200    0.01352260    0.00710458    0.00420118    0.00440622    0.01126717    0.02282178    0.00007681 
ksp              :   0.04755739    0.08167814    0.10000000    0.10000000    0.09746164    0.07586661    0.05580615    0.01000000    0.01000000 
max(|step|)      :   0.00000000    0.05640807    0.04480469    0.04742401    0.05678018    0.09464275    0.06999688    0.10000000    0.04447253    0.00215112 
angle (deg.)     :    22.9450  15.1184  10.7835  15.2087  10.1084  28.9177  29.5699  74.7631 
>
iteration       : 11
climbing        : yes
zoom on         : no
nim             : 10
barrier         :   0.00188265 (image:  3) 
distance        :   0.00000000    0.79477547    1.16049677    1.42547483    1.72033733    1.92664866    2.13235727    2.43377982    3.55671421    4.40434684 
energy          : -49.86612754  -49.86514725  -49.86453014  -49.86424489  -49.86432882  -49.86460284  -49.86506586  -49.86581671  -49.91129001  -49.91462727 
max(|Fr_perp|)   :   0.00000000    0.00426128    0.00285557    0.00460395    0.00586664    0.00694982    0.00895973    0.01670247    0.01125262    0.00000000 
Fr_paral         :   0.00000000   -0.00144586   -0.00146015   -0.00084654    0.00125633    0.00215372    0.00197782    0.00329087    0.02985923    0.00000000 
max(|Fsp_paral|) :   0.00000000    0.00841820    0.00365333    0.00231765    0.00770675    0.00234727    0.00114730    0.00889701    0.01322191    0.00000000 
max(|Fsp_perp|)  :   0.00000000    0.00000000    0.00000000    0.00000000    0.00000000    0.00000000    0.00000000    0.00000000    0.00000000    0.00000000 
max(|FNEB|)      :   0.00000000    0.00784969    0.00424746    0.00470794    0.00894769    0.00694805    0.00910960    0.01678937    0.01596497    0.00000000 
max(|Force|)     :   0.00059687    0.00431548    0.00284081    0.00463948    0.00601031    0.00713339    0.00910231    0.01693865    0.01828051    0.00007681 
ksp              :   0.05686952    0.08627773    0.10000000    0.10000000    0.09589437    0.08306649    0.06100552    0.02570633    0.01000000 
max(|step|)      :   0.00000000    0.01152977    0.00623874    0.00691511    0.01314252    0.01020542    0.01338034    0.02466052    0.02344962    0.00000000 
angle (deg.)     :    22.9038  14.5682  13.2897  12.2465  12.2948  27.0091  30.0630  72.9434 
>
iteration       : 12
climbing        : yes
zoom on         : no
nim             : 10
barrier         :   0.00183338 (image:  3) 
distance        :   0.00000000    0.77520530    1.15393052    1.42883752    1.70874228    1.92620764    2.13884159    2.45379615    3.53069561    4.38541035 
energy          : -49.86612754  -49.86518923  -49.86456091  -49.86429416  -49.86438262  -49.86469272  -49.86522844  -49.86631020  -49.91039271  -49.91462727 
max(|Fr_perp|)   :   0.00000000    0.00529720    0.00239070    0.00274766    0.00339786    0.00816900    0.00644875    0.00848936    0.00847043    0.00000000 
Fr_paral         :   0.00000000   -0.00155153   -0.00138813   -0.00022227    0.00097234    0.00163902    0.00273322    0.00529278    0.03971222    0.00000000 
max(|Fsp_paral|) :   0.00000000    0.00644369    0.00385161    0.00039109    0.00575696    0.00318402    0.00004661    0.00538379    0.00142421    0.00000000 
max(|Fsp_perp|)  :   0.00000000    0.00000000    0.00000000    0.00000000    0.00000000    0.00000000    0.00000000    0.00000000    0.00000000    0.00000000 
max(|FNEB|)      :   0.00000000    0.00660312    0.00433923    0.00283655    0.00625658    0.00819642    0.00645049    0.00858997    0.00870679    0.00000000 
max(|Force|)     :   0.00059687    0.00522585    0.00238186    0.00265877    0.00338099    0.00815685    0.00635880    0.00840458    0.03075366    0.00007681 
ksp              :   0.05606146    0.08690553    0.10000000    0.10000000    0.09565786    0.08043512    0.05413665    0.01000000    0.01000000 
max(|step|)      :   0.00000000    0.00643424    0.00409334    0.00232191    0.00631861    0.00571019    0.00426014    0.00437527    0.00679947    0.00000705 
angle (deg.)     :    22.9609  14.9829  12.6990  12.5019  10.8747  26.3037  30.0208  72.6815 
>
iteration       : 13
climbing        : yes
zoom on         : no
nim             : 10
barrier         :   0.00181334 (image:  3) 
distance        :   0.00000000    0.76515050    1.14934056    1.42938595    1.70182830    1.92324551    2.13891845    2.45027932    3.52609645    4.38387765 
energy          : -49.86612754  -49.86523342  -49.86457820  -49.86431420  -49.86440198  -49.86476936  -49.86530423  -49.86638953  -49.91034486  -49.91462727 
max(|Fr_perp|)   :   0.00000000    0.00124148    0.00156939    0.00224726    0.00203631    0.00240669    0.00250022    0.00463754    0.00449531    0.00000000 
Fr_paral         :   0.00000000   -0.00167992   -0.00140082   -0.00035442    0.00105090    0.00214003    0.00278473    0.00521731    0.03956826    0.00000000 
max(|Fsp_paral|) :   0.00000000    0.00500216    0.00383090    0.00059372    0.00485116    0.00386318    0.00076080    0.00436779    0.00140424    0.00000000 
max(|Fsp_perp|)  :   0.00000000    0.00000000    0.00000000    0.00000000    0.00000000    0.00000000    0.00000000    0.00000000    0.00000000    0.00000000 
max(|FNEB|)      :   0.00000000    0.00507069    0.00435689    0.00238880    0.00551756    0.00422271    0.00251238    0.00469254    0.00499802    0.00000000 
max(|Force|)     :   0.00059687    0.00131231    0.00152335    0.00210571    0.00246497    0.00322551    0.00310653    0.00513471    0.02797449    0.00007681 
ksp              :   0.05437733    0.08689756    0.10000000    0.10000000    0.09564333    0.07740970    0.05086296    0.01000000    0.01000000 
max(|step|)      :   0.00000000    0.01831029    0.01344611    0.00677954    0.01934409    0.01145131    0.00646038    0.00949475    0.01663789    0.00047462 
angle (deg.)     :    23.2384  16.1202  11.9416  12.5582  9.2988  24.2268  30.6133  71.8769 
>
iteration       : 14
climbing        : yes
zoom on         : no
nim             : 10
barrier         :   0.00178512 (image:  3) 
distance        :   0.00000000    0.73655450    1.13462170    1.43218994    1.68216094    1.91300879    2.14021415    2.44335071    3.51363532    4.38114585 
energy          : -49.86612754  -49.86528916  -49.86462156  -49.86434243  -49.86441935  -49.86477616  -49.86538503  -49.86646287  -49.90986632  -49.91462727 
max(|Fr_perp|)   :   0.00000000    0.00342327    0.00149257    0.00144112    0.00200212    0.00538820    0.00411160    0.00225628    0.00563608    0.00000000 
Fr_paral         :   0.00000000   -0.00161150   -0.00141715   -0.00038826    0.00095326    0.00225599    0.00307752    0.00497780    0.04034071    0.00000000 
max(|Fsp_paral|) :   0.00000000    0.00257385    0.00317384    0.00370726    0.00223523    0.00382049    0.00299325    0.00319671    0.00131752    0.00000000 
max(|Fsp_perp|)  :   0.00000000    0.00000000    0.00000000    0.00000000    0.00000000    0.00000000    0.00000000    0.00000000    0.00000000    0.00000000 
max(|FNEB|)      :   0.00000000    0.00324878    0.00370422    0.00159649    0.00290489    0.00537138    0.00398722    0.00309014    0.00566489    0.00000000 
max(|Force|)     :   0.00059687    0.00335779    0.00154159    0.00139371    0.00235356    0.00541828    0.00422510    0.00443477    0.02627083    0.00007681 
ksp              :   0.05226869    0.08592711    0.10000000    0.10000000    0.09612180    0.07813247    0.04743517    0.01000000    0.01000000 
max(|step|)      :   0.00000000    0.02731511    0.02246806    0.01087058    0.02732799    0.02103046    0.01119183    0.01330666    0.02192263    0.00039735 
angle (deg.)     :    23.8471  17.3194  12.0910  11.5168  10.3447  21.2347  32.4626  70.7850 
>
iteration       : 15
climbing        : yes
zoom on         : no
nim             : 10
barrier         :   0.00174512 (image:  3) 
distance        :   0.00000000    0.69482088    1.11040842    1.43743413    1.65668589    1.89625782    2.13737213    2.43264883    3.49820552    4.38258321 
energy          : -49.86612754  -49.86538322  -49.86468819  -49.86438242  -49.86444271  -49.86479607  -49.86546008  -49.86646476  -49.90906653  -49.91462727 
max(|Fr_perp|)   :   0.00000000    0.00353802    0.00212827    0.00194216    0.00297141    0.00535682    0.00385911    0.00367440    0.00481356    0.00000000 
Fr_paral         :   0.00000000   -0.00151514   -0.00146024   -0.00029726    0.00078457    0.00221658    0.00326281    0.00444499    0.04234255    0.00000000 
max(|Fsp_paral|) :   0.00000000    0.00081153    0.00163754    0.00838155    0.00102116    0.00363301    0.00518580    0.00217625    0.00119001    0.00000000 
max(|Fsp_perp|)  :   0.00000000    0.00000000    0.00000000    0.00000000    0.00000000    0.00000000    0.00000000    0.00000000    0.00000000    0.00000000 
max(|FNEB|)      :   0.00000000    0.00359599    0.00214978    0.00194431    0.00295229    0.00529342    0.00577407    0.00368953    0.00483210    0.00000000 
max(|Force|)     :   0.00059687    0.00347461    0.00211491    0.00194000    0.00295975    0.00538993    0.00397078    0.00386182    0.02736023    0.00007681 
ksp              :   0.04838655    0.08423103    0.10000000    0.10000000    0.09689083    0.07866719    0.04442272    0.01000000    0.01000000 
max(|step|)      :   0.00000000    0.02220370    0.03252571    0.02096334    0.02354414    0.04285459    0.04060320    0.02649282    0.02900250    0.00023898 
angle (deg.)     :    24.1633  19.2050  13.4311  13.7313  8.8347  19.3213  34.8601  69.5408 
>
iteration       : 16
climbing        : yes
zoom on         : no
nim             : 10
barrier         :   0.00170094 (image:  3) 
distance        :   0.00000000    0.66070486    1.07506730    1.44260309    1.64038891    1.85778267    2.10328155    2.40906951    3.47753266    4.39379263 
energy          : -49.86612754  -49.86546686  -49.86477090  -49.86442661  -49.86445923  -49.86477486  -49.86539233  -49.86639659  -49.90778434  -49.91462727 
max(|Fr_perp|)   :   0.00000000    0.00327056    0.00607004    0.00469614    0.00854078    0.00659662    0.00918289    0.00951766    0.00849637    0.00000000 
Fr_paral         :   0.00000000   -0.00221134   -0.00164680    0.00009946    0.00005186    0.00198854    0.00251689    0.00412432    0.04432757    0.00000000 
max(|Fsp_paral|) :   0.00000000    0.00235395    0.00202472    0.01321865    0.00124979    0.00114359    0.00446337    0.00384206    0.00102043    0.00000000 
max(|Fsp_perp|)  :   0.00000000    0.00000000    0.00000000    0.00000000    0.00000000    0.00000000    0.00000000    0.00000000    0.00000000    0.00000000 
max(|FNEB|)      :   0.00000000    0.00510741    0.00610263    0.00469257    0.00847734    0.00640660    0.00910563    0.00941689    0.00851700    0.00000000 
max(|Force|)     :   0.00059687    0.00451475    0.00605132    0.00469970    0.00853870    0.00687905    0.00922122    0.00961501    0.02872169    0.00007681 
ksp              :   0.04495785    0.08178255    0.10000000    0.10000000    0.09827391    0.08157334    0.04890186    0.01000000    0.01000000 
max(|step|)      :   0.00000000    0.01378635    0.01794350    0.01363996    0.01255576    0.02914205    0.03105937    0.02244480    0.01380823    0.00053400 
angle (deg.)     :    25.2466  19.3224  14.3822  9.6200  10.4076  16.6882  36.4544  68.8281 
>
iteration       : 17
climbing        : yes
zoom on         : no
nim             : 10
barrier         :   0.00164468 (image:  3) 
distance        :   0.00000000    0.64834531    1.05957291    1.44713690    1.63672603    1.83489241    2.07836503    2.39128467    3.46726503    4.40510030 
energy          : -49.86612754  -49.86551796  -49.86484540  -49.86448287  -49.86455339  -49.86482300  -49.86540297  -49.86642797  -49.90706584  -49.91462727 
max(|Fr_perp|)   :   0.00000000    0.00183258    0.00207658    0.00155980    0.00239984    0.00192230    0.00178300    0.00160019    0.00287111    0.00000000 
Fr_paral         :   0.00000000   -0.00188483   -0.00170653   -0.00013031    0.00080895    0.00200422    0.00285215    0.00411042    0.04682434    0.00000000 
max(|Fsp_paral|) :   0.00000000    0.00272832    0.00406688    0.01525572    0.00007352    0.00064764    0.00376268    0.00433303    0.00093515    0.00000000 
max(|Fsp_perp|)  :   0.00000000    0.00000000    0.00000000    0.00000000    0.00000000    0.00000000    0.00000000    0.00000000    0.00000000    0.00000000 
max(|FNEB|)      :   0.00000000    0.00428215    0.00313568    0.00156156    0.00240005    0.00205163    0.00388964    0.00432660    0.00267530    0.00000000 
max(|Force|)     :   0.00059687    0.00288191    0.00212947    0.00155804    0.00240163    0.00226169    0.00276526    0.00373512    0.02995668    0.00007681 
ksp              :   0.04335744    0.08016127    0.10000000    0.10000000    0.09614077    0.08138741    0.04964991    0.01000000    0.01000000 
max(|step|)      :   0.00000000    0.00733543    0.00688801    0.01040694    0.01305965    0.01976090    0.02931186    0.02112922    0.00976331    0.00055348 
angle (deg.)     :    26.0155  19.0636  15.2733  8.0929  10.9840  15.3199  37.1615  68.4654 
>
iteration       : 18
climbing        : yes
zoom on         : no
nim             : 10
barrier         :   0.00161522 (image:  3) 
distance        :   0.00000000    0.65488137    1.05741986    1.44919589    1.64134492    1.81963871    2.05210366    2.37366369    3.46270650    4.41540555 
energy          : -49.86612754  -49.86552216  -49.86486882  -49.86451233  -49.86458720  -49.86482777  -49.86534761  -49.86638117  -49.90666269  -49.91462727 
max(|Fr_perp|)   :   0.00000000    0.00105657    0.00119481    0.00147368    0.00143945    0.00218744    0.00309101    0.00275200    0.00331264    0.00000000 
Fr_paral         :   0.00000000   -0.00172014   -0.00172779   -0.00012047    0.00092699    0.00167187    0.00277511    0.00404811    0.04826312    0.00000000 
max(|Fsp_paral|) :   0.00000000    0.00202703    0.00484298    0.01538251    0.00168780    0.00174897    0.00173385    0.00572155    0.00092929    0.00000000 
max(|Fsp_perp|)  :   0.00000000    0.00000000    0.00000000    0.00000000    0.00000000    0.00000000    0.00000000    0.00000000    0.00000000    0.00000000 
max(|FNEB|)      :   0.00000000    0.00294896    0.00379204    0.00152541    0.00235686    0.00269859    0.00307841    0.00553490    0.00348695    0.00000000 
max(|Force|)     :   0.00059687    0.00201405    0.00226017    0.00142196    0.00174307    0.00253470    0.00310876    0.00386338    0.03322156    0.00007681 
ksp              :   0.04373195    0.08013592    0.10000000    0.10000000    0.09582817    0.08242342    0.05345784    0.01000000    0.01000000 
max(|step|)      :   0.00000000    0.01962861    0.02097567    0.02576604    0.02781851    0.03860216    0.06499322    0.05841952    0.02383410    0.00109188 
angle (deg.)     :    28.2092  18.7271  16.0611  7.8633  10.9234  14.7734  38.7757  67.8327 
>
iteration       : 19
climbing        : yes
zoom on         : no
nim             : 10
barrier         :   0.00156662 (image:  3) 
distance        :   0.00000000    0.67485195    1.06722204    1.45487124    1.64590287    1.79354013    1.99642062    2.32575072    3.45500695    4.44563682 
energy          : -49.86612754  -49.86551466  -49.86489356  -49.86456092  -49.86465259  -49.86481605  -49.86522248  -49.86617353  -49.90557878  -49.91462727 
max(|Fr_perp|)   :   0.00000000    0.00173623    0.00167014    0.00177515    0.00129919    0.00576265    0.00570995    0.00372881    0.00596987    0.00000000 
Fr_paral         :   0.00000000   -0.00145582   -0.00159441   -0.00005797    0.00094146    0.00106387    0.00237707    0.00360356    0.05101683    0.00000000 
max(|Fsp_paral|) :   0.00000000    0.00068386    0.00490888    0.01504338    0.00405005    0.00277195    0.00272406    0.00827457    0.00096343    0.00000000 
max(|Fsp_perp|)  :   0.00000000    0.00000000    0.00000000    0.00000000    0.00000000    0.00000000    0.00000000    0.00000000    0.00000000    0.00000000 
max(|FNEB|)      :   0.00000000    0.00177104    0.00417939    0.00180076    0.00447416    0.00572614    0.00559558    0.00765990    0.00615394    0.00000000 
max(|Force|)     :   0.00059687    0.00169501    0.00184348    0.00174954    0.00172657    0.00575098    0.00562231    0.00388275    0.03706398    0.00007681 
ksp              :   0.04520914    0.08089042    0.10000000    0.10000000    0.09473371    0.08534302    0.06199423    0.01000000    0.01000000 
max(|step|)      :   0.00000000    0.02676535    0.03784577    0.03905964    0.03519088    0.04590745    0.07683941    0.10000000    0.02963824    0.00150574 
angle (deg.)     :    32.1292  18.2374  17.4077  6.7873  17.9456  14.9407  41.7490  67.1381 
>
iteration       : 20
climbing        : yes
zoom on         : no
nim             : 10
barrier         :   0.00151832 (image:  3) 
distance        :   0.00000000    0.70350316    1.09809756    1.46555479    1.64079648    1.77256468    1.94081085    2.24651269    3.44832463    4.49936487 
energy          : -49.86612754  -49.86547714  -49.86485789  -49.86460923  -49.86471093  -49.86482195  -49.86514295  -49.86585570  -49.90341209  -49.91462727 
max(|Fr_perp|)   :   0.00000000    0.00575483    0.00749964    0.00440060    0.00137251    0.00622106    0.00256731    0.00982419    0.01539656    0.00000000 
Fr_paral         :   0.00000000   -0.00113884   -0.00148087    0.00009852    0.00095789    0.00024357    0.00181952    0.00233317    0.05651289    0.00000000 
max(|Fsp_paral|) :   0.00000000    0.00028071    0.00215532    0.01450210    0.00404634    0.00185387    0.00543088    0.00976860    0.01511381    0.00000000 
max(|Fsp_perp|)  :   0.00000000    0.00000000    0.00000000    0.00000000    0.00000000    0.00000000    0.00000000    0.00000000    0.00000000    0.00000000 
max(|FNEB|)      :   0.00000000    0.00590656    0.00778024    0.00455497    0.00478204    0.00622315    0.00546329    0.01101129    0.01870576    0.00000000 
max(|Force|)     :   0.00059687    0.00587979    0.00776132    0.00455519    0.00165721    0.00634817    0.00283128    0.00996940    0.04591511    0.00007681 
ksp              :   0.04854293    0.08524525    0.10000000    0.10000000    0.09379348    0.08734593    0.06835885    0.02642524    0.01000000 
max(|step|)      :   0.00000000    0.00787545    0.01037371    0.00607333    0.00637609    0.00829758    0.00728442    0.01468179    0.02494113    0.00000000 
angle (deg.)     :    32.1926  19.1747  15.2896  10.2604  10.6816  16.2367  42.0637  65.9729 
>
iteration       : 21
climbing        : yes
zoom on         : no
nim             : 10
barrier         :   0.00151083 (image:  3) 
distance        :   0.00000000    0.70243284    1.10248923    1.46521482    1.63366940    1.77638256    1.94759583    2.26025661    3.42616452    4.49253866 
energy          : -49.86612754  -49.86547713  -49.86485191  -49.86461672  -49.86471518  -49.86488019  -49.86518427  -49.86597624  -49.90207066  -49.91462727 
max(|Fr_perp|)   :   0.00000000    0.00614632    0.00804823    0.00466428    0.00141492    0.00262448    0.00170122    0.00853741    0.00822928    0.00000000 
Fr_paral         :   0.00000000   -0.00126649   -0.00127523    0.00022164    0.00081650    0.00160729    0.00190070    0.00261609    0.05794366    0.00000000 
max(|Fsp_paral|) :   0.00000000    0.00008864    0.00131538    0.01456999    0.00266051    0.00081901    0.00545266    0.00133239    0.00817103    0.00000000 
max(|Fsp_perp|)  :   0.00000000    0.00000000    0.00000000    0.00000000    0.00000000    0.00000000    0.00000000    0.00000000    0.00000000    0.00000000 
max(|FNEB|)      :   0.00000000    0.00615326    0.00805210    0.00466496    0.00289381    0.00286792    0.00569763    0.00848794    0.01040081    0.00000000 
max(|Force|)     :   0.00059687    0.00609154    0.00804559    0.00466361    0.00147899    0.00301581    0.00203193    0.00844952    0.03892619    0.00007681 
ksp              :   0.04874541    0.08598986    0.10000000    0.10000000    0.09413441    0.08430471    0.06619094    0.01901331    0.01000000 
max(|step|)      :   0.00000000    0.00345856    0.00450830    0.00261840    0.00332573    0.00164467    0.00565852    0.00452536    0.01021380    0.00009611 
angle (deg.)     :    32.2444  19.0261  15.2384  9.2702  10.3961  15.6797  42.1863  65.4684 
>
iteration       : 22
climbing        : yes
zoom on         : no
nim             : 10
barrier         :   0.00149182 (image:  3) 
distance        :   0.00000000    0.70225982    1.10447560    1.46483063    1.62983062    1.77789935    1.95406158    2.26425211    3.41489435    4.48887203 
energy          : -49.86612754  -49.86550623  -49.86489394  -49.86463573  -49.86471683  -49.86489548  -49.86521382  -49.86606205  -49.90133226  -49.91462727 
max(|Fr_perp|)   :   0.00000000    0.00095052    0.00149778    0.00093608    0.00101688    0.00222554    0.00162544    0.00248268    0.00563484    0.00000000 
Fr_paral         :   0.00000000   -0.00158233   -0.00135148    0.00006488    0.00088215    0.00168499    0.00198514    0.00308591    0.05987050    0.00000000 
max(|Fsp_paral|) :   0.00000000    0.00033761    0.00146158    0.01475629    0.00188710    0.00063321    0.00466508    0.00375883    0.00375964    0.00000000 
max(|Fsp_perp|)  :   0.00000000    0.00000000    0.00000000    0.00000000    0.00000000    0.00000000    0.00000000    0.00000000    0.00000000    0.00000000 
max(|FNEB|)      :   0.00000000    0.00096510    0.00171258    0.00093721    0.00221522    0.00241649    0.00484648    0.00365256    0.00572482    0.00000000 
max(|Force|)     :   0.00059687    0.00142797    0.00150207    0.00093496    0.00142647    0.00264161    0.00202520    0.00290266    0.04125689    0.00007681 
ksp              :   0.04748302    0.08442198    0.10000000    0.10000000    0.09510699    0.08432955    0.06512441    0.01395131    0.01000000 
max(|step|)      :   0.00000000    0.00157706    0.00366146    0.00174686    0.00597552    0.00314000    0.01125831    0.00672304    0.01391513    0.00008086 
angle (deg.)     :    32.5554  18.8058  15.4711  7.8080  10.9771  14.3276  42.3193  65.0086 
>
iteration       : 23
climbing        : yes
zoom on         : no
nim             : 10
barrier         :   0.00148369 (image:  3) 
distance        :   0.00000000    0.70314090    1.10948434    1.46483882    1.62371051    1.78111648    1.96787970    2.26308712    3.40003019    4.48707041 
energy          : -49.86612754  -49.86550671  -49.86489372  -49.86464385  -49.86472078  -49.86491608  -49.86526913  -49.86609449  -49.90027549  -49.91462727 
max(|Fr_perp|)   :   0.00000000    0.00126242    0.00191268    0.00110063    0.00090359    0.00091702    0.00145351    0.00225311    0.00263793    0.00000000 
Fr_paral         :   0.00000000   -0.00157247   -0.00136052    0.00005397    0.00088159    0.00164946    0.00220033    0.00320702    0.06216000    0.00000000 
max(|Fsp_paral|) :   0.00000000    0.00053486    0.00074422    0.01485599    0.00068906    0.00047838    0.00239513    0.00424616    0.00196005    0.00000000 
max(|Fsp_perp|)  :   0.00000000    0.00000000    0.00000000    0.00000000    0.00000000    0.00000000    0.00000000    0.00000000    0.00000000    0.00000000 
max(|FNEB|)      :   0.00000000    0.00128726    0.00191229    0.00110119    0.00112250    0.00118053    0.00236931    0.00420183    0.00297425    0.00000000 
max(|Force|)     :   0.00059687    0.00140672    0.00191318    0.00110006    0.00131405    0.00165850    0.00196522    0.00295725    0.04458718    0.00007681 
ksp              :   0.04765928    0.08484302    0.10000000    0.10000000    0.09533379    0.08348695    0.06207109    0.01200497    0.01000000 
max(|step|)      :   0.00000000    0.00292368    0.00567858    0.00373286    0.00864629    0.00600358    0.01596739    0.01042062    0.01939074    0.00020984 
angle (deg.)     :    33.0208  18.7938  15.2749  7.4659  11.2778  13.2938  42.4789  64.5622 
>
iteration       : 24
climbing        : yes
zoom on         : no
nim             : 10
barrier         :   0.00147334 (image:  3) 
distance        :   0.00000000    0.70571647    1.11659527    1.46487510    1.61586677    1.78657840    1.98839860    2.25877718    3.37769502    4.48917709 
energy          : -49.86612754  -49.86550396  -49.86488973  -49.86465420  -49.86472606  -49.86494197  -49.86534784  -49.86610234  -49.89850881  -49.91462727 
max(|Fr_perp|)   :   0.00000000    0.00292486    0.00293292    0.00160139    0.00089832    0.00099872    0.00109600    0.00197887    0.00276376    0.00000000 
Fr_paral         :   0.00000000   -0.00149329   -0.00128495    0.00007498    0.00082368    0.00163748    0.00240971    0.00303299    0.06426043    0.00000000 
max(|Fsp_paral|) :   0.00000000    0.00068805    0.00024488    0.01491021    0.00095627    0.00025504    0.00092573    0.00243237    0.00126644    0.00000000 
max(|Fsp_perp|)  :   0.00000000    0.00000000    0.00000000    0.00000000    0.00000000    0.00000000    0.00000000    0.00000000    0.00000000    0.00000000 
max(|FNEB|)      :   0.00000000    0.00296162    0.00293287    0.00159936    0.00146695    0.00113921    0.00117934    0.00253679    0.00296886    0.00000000 
max(|Force|)     :   0.00059687    0.00288050    0.00293274    0.00160341    0.00128138    0.00173510    0.00192730    0.00265919    0.04617617    0.00007681 
ksp              :   0.04809174    0.08561286    0.10000000    0.10000000    0.09561083    0.08242129    0.05762877    0.01153983    0.01000000 
max(|step|)      :   0.00000000    0.00896347    0.00852021    0.00793496    0.00823968    0.01124550    0.01449696    0.00992842    0.03154249    0.00047571 
angle (deg.)     :    33.7018  18.6214  15.4273  7.5374  11.6244  13.7539  41.9712  64.2011 
>
iteration       : 25
climbing        : yes
zoom on         : no
nim             : 10
barrier         :   0.00144984 (image:  3) 
distance        :   0.00000000    0.71370554    1.12068371    1.46438679    1.61575642    1.79464661    2.00358620    2.25401845    3.34161331    4.49825667 
energy          : -49.86612754  -49.86544704  -49.86489803  -49.86467770  -49.86473668  -49.86497612  -49.86542548  -49.86604246  -49.89556378  -49.91462727 
max(|Fr_perp|)   :   0.00000000    0.00932865    0.00260058    0.00097517    0.00401484    0.00123020    0.00095078    0.00854730    0.00472801    0.00000000 
Fr_paral         :   0.00000000   -0.00117028   -0.00136894    0.00009546    0.00068019    0.00160309    0.00251944    0.00266233    0.06643067    0.00000000 
max(|Fsp_paral|) :   0.00000000    0.00120126    0.00053366    0.01459844    0.00164378    0.00017225    0.00317182    0.00291664    0.00356420    0.00000000 
max(|Fsp_perp|)  :   0.00000000    0.00000000    0.00000000    0.00000000    0.00000000    0.00000000    0.00000000    0.00000000    0.00000000    0.00000000 
max(|FNEB|)      :   0.00000000    0.00924742    0.00260262    0.00093088    0.00403448    0.00123343    0.00340582    0.00852237    0.00524370    0.00000000 
max(|Force|)     :   0.00059687    0.00928453    0.00260425    0.00101946    0.00402121    0.00181111    0.00198264    0.00852658    0.04871737    0.00007681 
ksp              :   0.05224296    0.08632274    0.10000000    0.10000000    0.09633893    0.08147551    0.05358079    0.01528180    0.01000000 
max(|step|)      :   0.00000000    0.00594730    0.00823542    0.00785603    0.00727719    0.01123600    0.01441485    0.00890072    0.03161475    0.00037570 
angle (deg.)     :    34.4318  18.7326  15.0327  7.9716  11.5234  15.3676  41.9972  63.8880 
>
iteration       : 26
climbing        : yes
zoom on         : no
nim             : 10
barrier         :   0.00143875 (image:  3) 
distance        :   0.00000000    0.71906284    1.12643937    1.46481608    1.61538093    1.80345415    2.02053128    2.25465437    3.30685187    4.51052150 
energy          : -49.86612754  -49.86546572  -49.86489816  -49.86468879  -49.86475157  -49.86500531  -49.86547814  -49.86608014  -49.89239806  -49.91462727 
max(|Fr_perp|)   :   0.00000000    0.00784770    0.00393696    0.00189050    0.00320314    0.00088228    0.00089446    0.00421050    0.00288775    0.00000000 
Fr_paral         :   0.00000000   -0.00119766   -0.00130872    0.00011600    0.00068011    0.00167645    0.00247909    0.00272126    0.06665530    0.00000000 
max(|Fsp_paral|) :   0.00000000    0.00086892    0.00109713    0.01420854    0.00235956    0.00054151    0.00487972    0.00163085    0.00113071    0.00000000 
max(|Fsp_perp|)  :   0.00000000    0.00000000    0.00000000    0.00000000    0.00000000    0.00000000    0.00000000    0.00000000    0.00000000    0.00000000 
max(|FNEB|)      :   0.00000000    0.00779040    0.00393478    0.00188692    0.00322995    0.00080850    0.00505298    0.00421935    0.00290096    0.00000000 
max(|Force|)     :   0.00059687    0.00780364    0.00393398    0.00189408    0.00320920    0.00162851    0.00200342    0.00422395    0.04808286    0.00007681 
ksp              :   0.05139997    0.08690293    0.10000000    0.10000000    0.09607297    0.08020026    0.05062284    0.01296556    0.01000000 
max(|step|)      :   0.00000000    0.00536887    0.00473751    0.00437725    0.00827821    0.00462935    0.01022935    0.00837706    0.00670723    0.00006550 
angle (deg.)     :    34.6006  19.1400  14.6727  8.1645  10.4296  13.9856  41.2481  63.9503 
>
iteration       : 27
climbing        : yes
zoom on         : no
nim             : 10
barrier         :   0.00142808 (image:  3) 
distance        :   0.00000000    0.72085788    1.12460068    1.46546261    1.62454301    1.80512476    2.01229004    2.24846744    3.30092779    4.51642387 
energy          : -49.86612754  -49.86551281  -49.86491979  -49.86469947  -49.86477518  -49.86501602  -49.86546570  -49.86609723  -49.89194930  -49.91462727 
max(|Fr_perp|)   :   0.00000000    0.00054654    0.00087715    0.00073506    0.00083640    0.00066899    0.00167184    0.00124389    0.00172154    0.00000000 
Fr_paral         :   0.00000000   -0.00159069   -0.00121481    0.00006687    0.00084137    0.00178823    0.00261402    0.00269743    0.06627164    0.00000000 
max(|Fsp_paral|) :   0.00000000    0.00020396    0.00047877    0.01371941    0.00100882    0.00050590    0.00383905    0.00029367    0.00026964    0.00000000 
max(|Fsp_perp|)  :   0.00000000    0.00000000    0.00000000    0.00000000    0.00000000    0.00000000    0.00000000    0.00000000    0.00000000    0.00000000 
max(|FNEB|)      :   0.00000000    0.00075051    0.00087122    0.00070389    0.00143427    0.00087799    0.00420757    0.00128746    0.00172548    0.00000000 
max(|Force|)     :   0.00059687    0.00142859    0.00101274    0.00076623    0.00122682    0.00146176    0.00208745    0.00222922    0.04659681    0.00007681 
ksp              :   0.04874185    0.08611451    0.10000000    0.10000000    0.09522811    0.08005026    0.05171025    0.01191038    0.01000000 
max(|step|)      :   0.00000000    0.00294467    0.00547532    0.00458991    0.00984730    0.00422447    0.01651081    0.00744201    0.00642893    0.00023652 
angle (deg.)     :    34.9361  19.2285  14.8076  8.4519  9.1614  13.6234  40.4096  64.0030 
>
iteration       : 28
climbing        : yes
zoom on         : no
nim             : 10
barrier         :   0.00141795 (image:  3) 
distance        :   0.00000000    0.72317893    1.12132650    1.46628230    1.63636953    1.80603232    1.99776866    2.24455800    3.29736404    4.52269922 
energy          : -49.86612754  -49.86551303  -49.86493160  -49.86470960  -49.86479299  -49.86502366  -49.86543519  -49.86608609  -49.89164281  -49.91462727 
max(|Fr_perp|)   :   0.00000000    0.00233774    0.00111322    0.00070130    0.00094121    0.00063577    0.00123115    0.00132022    0.00140370    0.00000000 
Fr_paral         :   0.00000000   -0.00153299   -0.00121374    0.00008629    0.00088848    0.00178800    0.00256076    0.00272618    0.06618953    0.00000000 
max(|Fsp_paral|) :   0.00000000    0.00068254    0.00020420    0.01318982    0.00073730    0.00059364    0.00178796    0.00001374    0.00074533    0.00000000 
max(|Fsp_perp|)  :   0.00000000    0.00000000    0.00000000    0.00000000    0.00000000    0.00000000    0.00000000    0.00000000    0.00000000    0.00000000 
max(|FNEB|)      :   0.00000000    0.00230834    0.00111173    0.00066097    0.00098709    0.00097611    0.00213879    0.00131960    0.00140392    0.00000000 
max(|Force|)     :   0.00059687    0.00230123    0.00111946    0.00074162    0.00122291    0.00142019    0.00189537    0.00231767    0.04656639    0.00007681 
ksp              :   0.04900455    0.08590863    0.10000000    0.10000000    0.09470672    0.08006542    0.05394526    0.01263100    0.01000000 
max(|step|)      :   0.00000000    0.00811259    0.00849748    0.01027226    0.01382711    0.00978396    0.02020033    0.01066694    0.01912177    0.00041251 
angle (deg.)     :    36.2869  19.1898  15.0434  7.9473  8.2550  14.3349  40.3766  63.6866 
>
iteration       : 29
climbing        : yes
zoom on         : no
nim             : 10
barrier         :   0.00140497 (image:  3) 
distance        :   0.00000000    0.72218433    1.12394376    1.46947505    1.64669124    1.80993597    1.98632259    2.24429556    3.28236751    4.53709862 
energy          : -49.86612754  -49.86553144  -49.86494193  -49.86472257  -49.86481627  -49.86503615  -49.86541008  -49.86607919  -49.88984373  -49.91462727 
max(|Fr_perp|)   :   0.00000000    0.00132309    0.00284309    0.00177996    0.00068137    0.00071194    0.00073488    0.00139935    0.00090026    0.00000000 
Fr_paral         :   0.00000000   -0.00134776   -0.00125420    0.00007434    0.00096188    0.00173990    0.00239026    0.00275986    0.06572740    0.00000000 
max(|Fsp_paral|) :   0.00000000    0.00014780    0.00001578    0.01267496    0.00186870    0.00103675    0.00029717    0.00076099    0.00075036    0.00000000 
max(|Fsp_perp|)  :   0.00000000    0.00000000    0.00000000    0.00000000    0.00000000    0.00000000    0.00000000    0.00000000    0.00000000    0.00000000 
max(|FNEB|)      :   0.00000000    0.00131951    0.00284296    0.00178103    0.00230550    0.00127431    0.00086103    0.00140542    0.00086706    0.00000000 
max(|Force|)     :   0.00059687    0.00130510    0.00285044    0.00177888    0.00100929    0.00146204    0.00189311    0.00241294    0.04695965    0.00007681 
ksp              :   0.04818508    0.08594833    0.10000000    0.10000000    0.09399767    0.07991242    0.05595941    0.01309746    0.01000000 
max(|step|)      :   0.00000000    0.01065514    0.01470963    0.01759536    0.01873180    0.01630556    0.02458714    0.01802967    0.03513041    0.00093440 
angle (deg.)     :    38.1934  19.8178  14.6707  8.5126  7.0046  15.8549  40.6668  63.0286 
>
iteration       : 30
climbing        : yes
zoom on         : no
nim             : 10
barrier         :   0.00138636 (image:  3) 
distance        :   0.00000000    0.72195571    1.12941139    1.47480887    1.65511795    1.81521963    1.97797550    2.24390266    3.25430943    4.55984300 
energy          : -49.86612754  -49.86554810  -49.86494715  -49.86474119  -49.86483898  -49.86505010  -49.86537947  -49.86605399  -49.88651410  -49.91462727 
max(|Fr_perp|)   :   0.00000000    0.00333201    0.00564415    0.00357583    0.00154323    0.00075504    0.00076802    0.00420453    0.00238463    0.00000000 
Fr_paral         :   0.00000000   -0.00161528   -0.00123305    0.00015352    0.00094679    0.00170057    0.00223020    0.00269849    0.06377022    0.00000000 
max(|Fsp_paral|) :   0.00000000    0.00050056    0.00052810    0.01237716    0.00238722    0.00165394    0.00220976    0.00058254    0.00134552    0.00000000 
max(|Fsp_perp|)  :   0.00000000    0.00000000    0.00000000    0.00000000    0.00000000    0.00000000    0.00000000    0.00000000    0.00000000    0.00000000 
max(|FNEB|)      :   0.00000000    0.00334223    0.00565108    0.00357199    0.00262957    0.00191259    0.00215143    0.00424000    0.00235827    0.00000000 
max(|Force|)     :   0.00059687    0.00331407    0.00565544    0.00357968    0.00157573    0.00127959    0.00186529    0.00418826    0.04644087    0.00007681 
ksp              :   0.04761667    0.08662889    0.10000000    0.10000000    0.09365135    0.07994573    0.05856336    0.01477518    0.01000000 
max(|step|)      :   0.00000000    0.00580799    0.00834407    0.00922797    0.00922041    0.00842996    0.01001066    0.00887376    0.02185195    0.00048599 
angle (deg.)     :    39.2698  20.0464  14.5276  8.2740  7.1362  16.3991  41.1758  62.5344 
>
iteration       : 31
climbing        : yes
zoom on         : no
nim             : 10
barrier         :   0.00136848 (image:  3) 
distance        :   0.00000000    0.72277922    1.13436701    1.47820863    1.65455442    1.81824535    1.98266176    2.24511497    3.23697013    4.57141230 
energy          : -49.86612754  -49.86556748  -49.86497405  -49.86475907  -49.86484851  -49.86504920  -49.86538517  -49.86605589  -49.88450437  -49.91462727 
max(|Fr_perp|)   :   0.00000000    0.00068068    0.00250477    0.00157595    0.00056749    0.00074672    0.00086386    0.00209593    0.00266441    0.00000000 
Fr_paral         :   0.00000000   -0.00158512   -0.00123747    0.00006590    0.00088738    0.00165681    0.00220777    0.00272657    0.06177754    0.00000000 
max(|Fsp_paral|) :   0.00000000    0.00080614    0.00066461    0.01258904    0.00175171    0.00175437    0.00183064    0.00076463    0.00089630    0.00000000 
max(|Fsp_perp|)  :   0.00000000    0.00000000    0.00000000    0.00000000    0.00000000    0.00000000    0.00000000    0.00000000    0.00000000    0.00000000 
max(|FNEB|)      :   0.00000000    0.00141140    0.00251685    0.00157435    0.00198960    0.00194563    0.00180725    0.00208366    0.00263474    0.00000000 
max(|Force|)     :   0.00059687    0.00153881    0.00252042    0.00157756    0.00094164    0.00125953    0.00187057    0.00240445    0.04531816    0.00007681 
ksp              :   0.04683354    0.08586111    0.10000000    0.10000000    0.09411767    0.08091866    0.05882311    0.01471219    0.01000000 
max(|step|)      :   0.00000000    0.00600224    0.00855104    0.00961945    0.01502478    0.01021846    0.01238837    0.00908325    0.02118220    0.00055900 
angle (deg.)     :    40.3574  20.1400  14.3656  7.7271  7.7360  16.4458  41.9173  61.4331 
>
iteration       : 32
climbing        : yes
zoom on         : no
nim             : 10
barrier         :   0.00135495 (image:  3) 
distance        :   0.00000000    0.72536650    1.13921686    1.48209895    1.64714347    1.81690434    1.99347542    2.24616562    3.21974296    4.57603558 
energy          : -49.86612754  -49.86557465  -49.86498609  -49.86477260  -49.86484995  -49.86505802  -49.86541059  -49.86604744  -49.88260106  -49.91462727 
max(|Fr_perp|)   :   0.00000000    0.00165231    0.00123333    0.00100742    0.00098641    0.00068131    0.00089371    0.00143822    0.00172808    0.00000000 
Fr_paral         :   0.00000000   -0.00139126   -0.00120765    0.00007184    0.00085503    0.00161447    0.00225422    0.00257230    0.05916931    0.00000000 
max(|Fsp_paral|) :   0.00000000    0.00087788    0.00085299    0.01338011    0.00031479    0.00149493    0.00021454    0.00032119    0.00097341    0.00000000 
max(|Fsp_perp|)  :   0.00000000    0.00000000    0.00000000    0.00000000    0.00000000    0.00000000    0.00000000    0.00000000    0.00000000    0.00000000 
max(|FNEB|)      :   0.00000000    0.00167194    0.00121283    0.00100542    0.00097207    0.00166068    0.00089373    0.00139108    0.00246228    0.00000000 
max(|Force|)     :   0.00059687    0.00163548    0.00121317    0.00100942    0.00101702    0.00120570    0.00185672    0.00216653    0.04316400    0.00007681 
ksp              :   0.04672527    0.08581908    0.10000000    0.10000000    0.09486182    0.08104150    0.05762225    0.01532037    0.01000000 
max(|step|)      :   0.00000000    0.01221957    0.01805616    0.02242855    0.02447391    0.02287157    0.02296889    0.02170255    0.04485494    0.00138314 
angle (deg.)     :    42.5646  20.8132  13.9954  7.6766  8.4185  17.1752  42.8495  59.3505 
>
iteration       : 33
climbing        : yes
zoom on         : no
nim             : 10
barrier         :   0.00133192 (image:  3) 
distance        :   0.00000000    0.73219074    1.14663531    1.49187533    1.64464410    1.81624735    2.00415524    2.25162210    3.18431923    4.59365740 
energy          : -49.86612754  -49.86559111  -49.86500527  -49.86479562  -49.86486513  -49.86505941  -49.86542107  -49.86600965  -49.87876890  -49.91462727 
max(|Fr_perp|)   :   0.00000000    0.00218275    0.00209786    0.00128764    0.00071031    0.00065738    0.00094611    0.00227930    0.00233123    0.00000000 
Fr_paral         :   0.00000000   -0.00148763   -0.00114158    0.00005732    0.00074486    0.00150439    0.00220676    0.00224034    0.05237506    0.00000000 
max(|Fsp_paral|) :   0.00000000    0.00091205    0.00072493    0.01442641    0.00084466    0.00076108    0.00097381    0.00223104    0.00193059    0.00000000 
max(|Fsp_perp|)  :   0.00000000    0.00000000    0.00000000    0.00000000    0.00000000    0.00000000    0.00000000    0.00000000    0.00000000    0.00000000 
max(|FNEB|)      :   0.00000000    0.00219792    0.00207514    0.00128576    0.00098745    0.00081886    0.00098694    0.00252229    0.00332502    0.00000000 
max(|Force|)     :   0.00059687    0.00216955    0.00207314    0.00128952    0.00083531    0.00119630    0.00185012    0.00249074    0.03839472    0.00007681 
ksp              :   0.04624771    0.08583349    0.10000000    0.10000000    0.09530356    0.08217537    0.05773725    0.01796644    0.01000000 
max(|step|)      :   0.00000000    0.02619298    0.03991174    0.04910586    0.04720089    0.04675588    0.04803432    0.04767942    0.10000000    0.00302106 
angle (deg.)     :    47.4651  21.6137  14.3651  7.4674  10.6288  18.8707  44.5063  55.4266 
>
iteration       : 34
climbing        : yes
zoom on         : no
nim             : 10
barrier         :   0.00129525 (image:  3) 
distance        :   0.00000000    0.75282381    1.16714524    1.51931290    1.65234108    1.82443465    2.02992187    2.27495699    3.11136489    4.64703056 
energy          : -49.86612754  -49.86561822  -49.86504702  -49.86483229  -49.86488209  -49.86505557  -49.86541329  -49.86592112  -49.87206622  -49.91462727 
max(|Fr_perp|)   :   0.00000000    0.00236270    0.00093061    0.00152318    0.00236364    0.00108372    0.00110323    0.00360313    0.00366171    0.00000000 
Fr_paral         :   0.00000000   -0.00128207   -0.00116354    0.00004592    0.00061588    0.00128712    0.00199875    0.00170936    0.03407296    0.00000000 
max(|Fsp_paral|) :   0.00000000    0.00057355    0.00004326    0.01636420    0.00256823    0.00061833    0.00221073    0.00527999    0.00382460    0.00000000 
max(|Fsp_perp|)  :   0.00000000    0.00000000    0.00000000    0.00000000    0.00000000    0.00000000    0.00000000    0.00000000    0.00000000    0.00000000 
max(|FNEB|)      :   0.00000000    0.00260021    0.00101197    0.00165690    0.00272021    0.00120183    0.00203722    0.00552205    0.00663267    0.00000000 
max(|Force|)     :   0.00059687    0.00260295    0.00098228    0.00165966    0.00260973    0.00123958    0.00185023    0.00396872    0.02625009    0.00007681 
ksp              :   0.04539431    0.08516716    0.10000000    0.10000000    0.09663091    0.08455138    0.05972637    0.02458742    0.01000000 
max(|step|)      :   0.00000000    0.00543418    0.00211492    0.00346277    0.00568497    0.00251170    0.00425759    0.01154054    0.01386162    0.00000000 
angle (deg.)     :    47.3592  21.8212  14.1476  8.2633  9.5338  18.2947  44.0893  54.4892 
>
iteration       : 35
climbing        : yes
zoom on         : no
nim             : 10
barrier         :   0.00129609 (image:  3) 
distance        :   0.00000000    0.75439455    1.16620864    1.51833453    1.65835636    1.82506037    2.02302403    2.28592714    3.09872746    4.63629689 
energy          : -49.86612754  -49.86559710  -49.86504722  -49.86483146  -49.86487152  -49.86506037  -49.86541664  -49.86597722  -49.87181540  -49.91462727 
max(|Fr_perp|)   :   0.00000000    0.00563966    0.00202747    0.00332222    0.00519335    0.00206763    0.00102195    0.00705565    0.00297382    0.00000000 
Fr_paral         :   0.00000000   -0.00150109   -0.00123218    0.00002606    0.00060385    0.00149661    0.00207828    0.00195889    0.03270359    0.00000000 
max(|Fsp_paral|) :   0.00000000    0.00016584    0.00013699    0.01597478    0.00171901    0.00037091    0.00085810    0.00090125    0.00091149    0.00000000 
max(|Fsp_perp|)  :   0.00000000    0.00000000    0.00000000    0.00000000    0.00000000    0.00000000    0.00000000    0.00000000    0.00000000    0.00000000 
max(|FNEB|)      :   0.00000000    0.00563671    0.00203224    0.00332149    0.00525945    0.00208726    0.00104414    0.00706235    0.00366170    0.00000000 
max(|Force|)     :   0.00059687    0.00562582    0.00199830    0.00332296    0.00521146    0.00213393    0.00183707    0.00706870    0.02598482    0.00007681 
ksp              :   0.04683395    0.08501720    0.10000000    0.10000000    0.09721815    0.08410454    0.05936466    0.02043832    0.01000000 
max(|step|)      :   0.00000000    0.00254863    0.00100812    0.00160783    0.00344134    0.00113722    0.00210468    0.00529471    0.00800308    0.00014983 
angle (deg.)     :    47.4148  21.7251  14.2062  8.0672  9.3461  17.6369  43.9247  53.9788 
>
iteration       : 36
climbing        : yes
zoom on         : no
nim             : 10
barrier         :   0.00128994 (image:  3) 
distance        :   0.00000000    0.75503623    1.16646293    1.51850416    1.66291241    1.82617434    2.02038565    2.29151046    3.09391452    4.63213665 
energy          : -49.86612754  -49.86561909  -49.86505206  -49.86483760  -49.86489726  -49.86506955  -49.86542205  -49.86604505  -49.87171778  -49.91462727 
max(|Fr_perp|)   :   0.00000000    0.00181637    0.00064793    0.00108322    0.00175290    0.00088917    0.00095358    0.00272621    0.00234582    0.00000000 
Fr_paral         :   0.00000000   -0.00152068   -0.00121995    0.00008594    0.00070569    0.00144055    0.00209889    0.00228050    0.03177267    0.00000000 
max(|Fsp_paral|) :   0.00000000    0.00033801    0.00014809    0.01548252    0.00094114    0.00052934    0.00018266    0.00306191    0.00202337    0.00000000 
max(|Fsp_perp|)  :   0.00000000    0.00000000    0.00000000    0.00000000    0.00000000    0.00000000    0.00000000    0.00000000    0.00000000    0.00000000 
max(|FNEB|)      :   0.00000000    0.00181955    0.00065345    0.00108048    0.00179608    0.00106288    0.00095756    0.00293721    0.00350551    0.00000000 
max(|Force|)     :   0.00059687    0.00180892    0.00100859    0.00108595    0.00177817    0.00128540    0.00184002    0.00277062    0.02494553    0.00007681 
ksp              :   0.04547498    0.08503718    0.10000000    0.10000000    0.09583787    0.08381716    0.05922265    0.01575553    0.01000000 
max(|step|)      :   0.00000000    0.00200293    0.00091283    0.00131542    0.00362809    0.00163844    0.00249316    0.00402364    0.00671121    0.00008005 
angle (deg.)     :    47.4846  21.5238  14.3828  7.7710  9.4603  16.8645  43.4272  53.6469 
>
iteration       : 37
climbing        : yes
zoom on         : no
nim             : 10
barrier         :   0.00128679 (image:  3) 
distance        :   0.00000000    0.75679250    1.16689883    1.51855644    1.66791013    1.82817054    2.01843949    2.29102427    3.09312572    4.62852194 
energy          : -49.86612754  -49.86561858  -49.86505298  -49.86484075  -49.86490495  -49.86507712  -49.86542610  -49.86605726  -49.87179806  -49.91462727 
max(|Fr_perp|)   :   0.00000000    0.00120557    0.00041414    0.00070278    0.00115607    0.00052256    0.00084028    0.00177517    0.00182232    0.00000000 
Fr_paral         :   0.00000000   -0.00140461   -0.00119804    0.00007352    0.00072354    0.00139583    0.00210714    0.00228877    0.03123176    0.00000000 
max(|Fsp_paral|) :   0.00000000    0.00021608    0.00016509    0.01507763    0.00029004    0.00048186    0.00017979    0.00370629    0.00252250    0.00000000 
max(|Fsp_perp|)  :   0.00000000    0.00000000    0.00000000    0.00000000    0.00000000    0.00000000    0.00000000    0.00000000    0.00000000    0.00000000 
max(|FNEB|)      :   0.00000000    0.00120656    0.00042100    0.00070003    0.00117217    0.00052497    0.00083748    0.00370053    0.00288064    0.00000000 
max(|Force|)     :   0.00059687    0.00120222    0.00093094    0.00070553    0.00118746    0.00115675    0.00185055    0.00205730    0.02359760    0.00007681 
ksp              :   0.04559767    0.08515650    0.10000000    0.10000000    0.09550992    0.08346820    0.05905981    0.01491576    0.01000000 
max(|step|)      :   0.00000000    0.00161085    0.00096834    0.00130172    0.00338607    0.00172767    0.00290915    0.00374390    0.00732497    0.00010240 
angle (deg.)     :    47.5996  21.3720  14.4370  7.7620  9.3118  16.2341  42.9219  53.4041 
>
iteration       : 38
climbing        : yes
zoom on         : no
nim             : 10
barrier         :   0.00128587 (image:  3) 
distance        :   0.00000000    0.75834526    1.16767732    1.51870956    1.67265376    1.83045451    2.01698521    2.28797498    3.09401499    4.62497816 
energy          : -49.86612754  -49.86561781  -49.86505460  -49.86484167  -49.86490923  -49.86508357  -49.86542974  -49.86605745  -49.87192604  -49.91462727 
max(|Fr_perp|)   :   0.00000000    0.00196650    0.00071714    0.00114037    0.00174101    0.00069009    0.00070398    0.00210859    0.00155012    0.00000000 
Fr_paral         :   0.00000000   -0.00132699   -0.00117569    0.00006573    0.00073254    0.00140461    0.00212575    0.00225368    0.03108733    0.00000000 
max(|Fsp_paral|) :   0.00000000    0.00010123    0.00018414    0.01469303    0.00028200    0.00038670    0.00037343    0.00352004    0.00247159    0.00000000 
max(|Fsp_perp|)  :   0.00000000    0.00000000    0.00000000    0.00000000    0.00000000    0.00000000    0.00000000    0.00000000    0.00000000    0.00000000 
max(|FNEB|)      :   0.00000000    0.00196702    0.00070977    0.00114272    0.00175590    0.00067687    0.00070091    0.00347839    0.00223360    0.00000000 
max(|Force|)     :   0.00059687    0.00196293    0.00089669    0.00113803    0.00174408    0.00121071    0.00185862    0.00219783    0.02307984    0.00007681 
ksp              :   0.04567682    0.08509680    0.10000000    0.10000000    0.09527147    0.08306957    0.05884050    0.01490560    0.01000000 
max(|step|)      :   0.00000000    0.00325504    0.00290459    0.00402142    0.00413296    0.00442254    0.00740165    0.01071179    0.01568553    0.00027550 
angle (deg.)     :    47.9559  21.3488  14.2544  7.9369  8.5347  15.0099  42.3400  53.1808 
>
iteration       : 39
climbing        : yes
zoom on         : no
nim             : 10
barrier         :   0.00127823 (image:  3) 
distance        :   0.00000000    0.76039530    1.17067568    1.51936342    1.67913931    1.83592711    2.01587620    2.27618965    3.10159415    4.61999845 
energy          : -49.86612754  -49.86562258  -49.86505766  -49.86484931  -49.86491956  -49.86509821  -49.86543786  -49.86602658  -49.87233141  -49.91462727 
max(|Fr_perp|)   :   0.00000000    0.00068217    0.00030564    0.00035281    0.00116712    0.00050107    0.00045449    0.00541324    0.00175680    0.00000000 
Fr_paral         :   0.00000000   -0.00155620   -0.00118221    0.00008562    0.00077797    0.00147857    0.00217019    0.00221009    0.03175933    0.00000000 
max(|Fsp_paral|) :   0.00000000    0.00019328    0.00009611    0.01409561    0.00084083    0.00005198    0.00033688    0.00100390    0.00080722    0.00000000 
max(|Fsp_perp|)  :   0.00000000    0.00000000    0.00000000    0.00000000    0.00000000    0.00000000    0.00000000    0.00000000    0.00000000    0.00000000 
max(|FNEB|)      :   0.00000000    0.00086286    0.00031770    0.00036456    0.00121333    0.00050298    0.00043878    0.00546260    0.00228896    0.00000000 
max(|Force|)     :   0.00059687    0.00148231    0.00094270    0.00034105    0.00114209    0.00114160    0.00184587    0.00537635    0.02322876    0.00007681 
ksp              :   0.04555408    0.08533053    0.10000000    0.10000000    0.09505392    0.08247533    0.05856055    0.01710880    0.01000000 
max(|step|)      :   0.00000000    0.00410400    0.00318999    0.00423320    0.00432479    0.00440108    0.00677338    0.00938165    0.01444444    0.00047356 
angle (deg.)     :    48.5169  20.8132  14.3309  7.4385  8.6249  13.2669  42.2479  53.1554 
>
iteration       : 40
climbing        : yes
zoom on         : no
nim             : 10
barrier         :   0.00128479 (image:  3) 
distance        :   0.00000000    0.76373757    1.17405703    1.52130473    1.68327035    1.84182884    2.01826258    2.26801531    3.11224063    4.61983051 
energy          : -49.86612754  -49.86560074  -49.86505271  -49.86484275  -49.86492662  -49.86510889  -49.86544877  -49.86599893  -49.87272043  -49.91462727 
max(|Fr_perp|)   :   0.00000000    0.00546838    0.00254298    0.00298610    0.00176874    0.00090220    0.00127338    0.00690163    0.00270062    0.00000000 
Fr_paral         :   0.00000000   -0.00109236   -0.00111425    0.00006178    0.00081546    0.00142973    0.00214979    0.00199857    0.03315039    0.00000000 
max(|Fsp_paral|) :   0.00000000    0.00043389    0.00018628    0.01377544    0.00099688    0.00047740    0.00001571    0.00149652    0.00074328    0.00000000 
max(|Fsp_perp|)  :   0.00000000    0.00000000    0.00000000    0.00000000    0.00000000    0.00000000    0.00000000    0.00000000    0.00000000    0.00000000 
max(|FNEB|)      :   0.00000000    0.00546566    0.00255058    0.00298802    0.00181117    0.00093778    0.00127224    0.00679360    0.00221293    0.00000000 
max(|Force|)     :   0.00059687    0.00546477    0.00257408    0.00298418    0.00180384    0.00135782    0.00189798    0.00679898    0.02412446    0.00007681 
ksp              :   0.04690308    0.08529220    0.10000000    0.10000000    0.09412525    0.08135719    0.05754799    0.01900907    0.01000000 
max(|step|)      :   0.00000000    0.00335920    0.00162105    0.00192073    0.00242350    0.00171156    0.00272085    0.00438848    0.00617550    0.00014886 
angle (deg.)     :    48.3547  21.0681  14.1901  7.6444  8.3603  13.9264  42.5598  53.2170 
>
