FACE = 0

T, K || Flux x 10^11, cm^3/sec
Surf:             0             1             2             3             4             5             6             7

Minimal energies, kcal/mol:
         -0.0343264    -0.0757458     -0.316167      -1.36519      -2.32181      -2.03626      -2.16219      -3.16577
         -0.0308857    -0.0699288      -0.23488      -0.65968      -1.33851      -1.62064      -1.79932      -2.61961

   10     45.8(4.7)      104( 16)  1.3e+06( 99) 8.29e+28(***) 5.33e+42( 70) 4.79e+42( 70)  8.7e+42( 47) 2.53e+43( 25)
          38.1(4.8)     72.3( 17) 2.29e+04( 93) 3.34e+13( 94) 1.77e+28(***) 2.35e+34( 99) 1.67e+38(***) 5.72e+42( 56)
   20     49.4(2.3)     56.8(6.3)      973( 65) 1.42e+14( 99)  3.3e+24(***)  4.4e+21( 69) 5.17e+22( 91)  3.9e+33(***)
            45(2.3)       47(6.4)      211( 39) 3.68e+06( 77) 6.16e+13( 96) 7.11e+16( 90) 5.21e+18( 98) 4.19e+27(***)
 30.5     56.2(1.5)     54.6(3.8)      191( 27) 1.34e+09( 95) 7.63e+15( 98) 1.33e+14( 62) 5.97e+14( 72) 5.93e+21(***)
          52.9(1.5)     48.2(3.9)     90.5( 15) 2.23e+04( 54) 8.08e+08( 83) 8.07e+10( 80) 1.15e+12( 93) 7.24e+17(***)
41.53     63.1(1.1)       57(2.7)      115( 13) 4.34e+06( 87) 3.54e+11( 94) 2.53e+10( 52) 7.47e+10( 54) 6.57e+15(***)
          60.4(1.1)     51.9(2.8)       71(8.3) 2.38e+03( 34) 3.43e+06( 66) 9.02e+07( 71) 5.69e+08( 84) 8.82e+12( 99)
 53.1     69.8(< 1)     60.5(2.1)     93.2(8.1) 1.54e+05( 75) 9.28e+08( 88) 1.68e+08( 41) 3.94e+08( 40) 1.74e+12(***)
          67.4(< 1)     56.3(2.1)     65.4(5.6)      754( 23) 1.54e+05( 50) 1.67e+06( 62) 6.71e+06( 70)    1e+10( 97)
65.26     76.3(< 1)     64.5(1.7)     84.5(5.7) 1.86e+04( 63) 1.89e+07( 80) 6.56e+06( 33) 1.33e+07( 31) 7.28e+09( 98)
          74.1(< 1)     60.7(1.7)     63.9(4.2)      390( 16) 2.21e+04( 38)  1.3e+05( 52)    4e+05( 55) 1.12e+08( 94)
78.02     82.5(< 1)     68.5(1.4)     80.7(4.3) 4.55e+03( 52) 1.26e+06( 71) 7.01e+05( 27) 1.27e+06( 25) 1.51e+08( 96)
          80.6(< 1)     65.2(1.4)     64.2(3.3)      258( 12) 6.09e+03( 29) 2.35e+04( 42) 6.05e+04( 42) 4.76e+06( 89)
91.42     88.7(< 1)     72.7(1.2)     79.3(3.5) 1.74e+03( 41) 1.79e+05( 61) 1.39e+05( 22)  2.3e+05( 20)  8.6e+06( 91)
          86.9(< 1)     69.6(1.2)     65.4(2.8)      196(9.6) 2.48e+03( 23) 7.13e+03( 34)  1.6e+04( 32) 4.69e+05( 83)
105.5     94.7(< 1)     76.9(  1)     79.2(2.9)      894( 33) 4.21e+04( 51)  4.1e+04( 19) 6.36e+04( 17) 9.82e+05( 84)
            93(< 1)     74.1(  1)     67.1(2.3)      163(7.9)  1.3e+03( 19) 3.02e+03( 27)  6.1e+03( 25) 8.19e+04( 75)
120.3      101(< 1)     81.1(< 1)     79.8(2.5)      556( 26) 1.41e+04( 43)  1.6e+04( 16) 2.34e+04( 15) 1.84e+05( 74)
          99.1(< 1)     78.5(< 1)     69.2(  2)      142(6.7)      799( 15)  1.6e+03( 22) 2.94e+03( 20) 2.16e+04( 66)
135.8      107(< 1)     85.3(< 1)     81.1(2.1)      394( 21) 6.08e+03( 36) 7.62e+03( 14) 1.06e+04( 13) 5.01e+04( 64)
           105(< 1)     82.9(< 1)     71.4(1.8)      129(5.7)      553( 13)      987( 18) 1.68e+03( 16) 7.68e+03( 56)
152.1      112(< 1)     89.5(< 1)     82.6(1.9)      306( 17) 3.15e+03( 30) 4.19e+03( 13)  5.6e+03( 12)  1.8e+04( 54)
           111(< 1)     87.3(< 1)     73.9(1.6)      120(  5)      415( 11)      677( 15) 1.07e+03( 14) 3.43e+03( 48)
169.2      118(< 1)     93.8(< 1)     84.5(1.7)      252( 14) 1.88e+03( 25) 2.57e+03( 11) 3.32e+03( 11) 7.97e+03( 45)
           117(< 1)     91.6(< 1)     76.4(1.4)      114(4.4)      331(9.9)      502( 12)      752( 12) 1.82e+03( 40)
187.1      124(< 1)     98.1(< 1)     86.6(1.5)      218( 12) 1.24e+03( 21) 1.71e+03( 10) 2.15e+03(9.7) 4.15e+03( 37)
           123(< 1)       96(< 1)     79.1(1.3)      110(3.9)      276(8.7)      395( 11)      562( 10)  1.1e+03( 34)
  206      130(< 1)      102(< 1)     88.8(1.3)      194( 10)      886( 18) 1.22e+03(9.4) 1.49e+03(8.8) 2.44e+03( 31)
           129(< 1)      100(< 1)     81.8(1.1)      107(3.5)      239(7.7)      325(9.3)      442(9.2)      732( 28)
225.8      136(< 1)      107(< 1)     91.2(1.2)      178(8.8)      673( 16)      920(8.6) 1.09e+03(8.1) 1.58e+03( 26)
           135(< 1)      105(< 1)     84.6(  1)      106(3.2)      212(6.9)      276(8.2)      362(8.2)      527( 24)
246.6      142(< 1)      111(< 1)     93.7(1.1)      166(7.7)      536( 14)      722(  8)      839(7.5)  1.1e+03( 22)
           141(< 1)      109(< 1)     87.5(< 1)      104(2.9)      192(6.3)      242(7.3)      306(7.4)      403( 21)
268.4      148(< 1)      116(< 1)     96.3(  1)      157(6.8)      443( 12)      587(7.3)      669(6.9)      815( 18)
           147(< 1)      114(< 1)     90.5(< 1)      104(2.7)      177(5.7)      216(6.6)      265(6.8)      323( 18)
291.3      154(< 1)      120(< 1)       99(< 1)      151(  6)      378( 11)      491(6.8)      550(6.4)      632( 16)
           153(< 1)      118(< 1)     93.5(< 1)      104(2.4)      166(5.2)      197(  6)      235(6.2)      269( 15)
315.4      160(< 1)      125(< 1)      102(< 1)      146(5.4)      331(9.4)      421(6.3)      464(  6)      509( 14)
           159(< 1)      123(< 1)     96.6(< 1)      104(2.3)      157(4.7)      182(5.4)      212(5.7)      231( 14)
340.7      166(< 1)      129(< 1)      105(< 1)      142(4.8)      295(8.4)      369(5.9)      400(5.6)      423( 12)
           165(< 1)      128(< 1)     99.7(< 1)      105(2.1)      150(4.3)      170(  5)      194(5.3)      203( 12)
367.2      172(< 1)      134(< 1)      108(< 1)      139(4.4)      268(7.6)      329(5.5)      352(5.2)      361( 11)
           171(< 1)      132(< 1)      103(< 1)      105(1.9)      144(  4)      161(4.6)      180(4.9)      183( 11)
395.1      178(< 1)      139(< 1)      111(< 1)      138(  4)      246(6.9)      297(5.1)      314(4.9)      314(9.6)
           177(< 1)      137(< 1)      106(< 1)      106(1.8)      140(3.7)      154(4.2)      169(4.5)      167(9.7)
424.3      185(< 1)      143(< 1)      114(< 1)      136(3.6)      230(6.3)      272(4.8)      285(4.6)      279(8.7)
           184(< 1)      142(< 1)      110(< 1)      108(1.7)      137(3.4)      148(3.9)      160(4.2)      154(8.8)
  455      191(< 1)      148(< 1)      117(< 1)      136(3.3)      216(5.8)      252(4.5)      261(4.3)      252(7.9)
           190(< 1)      147(< 1)      113(< 1)      109(1.5)      134(3.2)      143(3.6)      153(  4)      145(  8)
487.3      198(< 1)      153(< 1)      120(< 1)      135(3.1)      205(5.3)      236(4.2)      242(4.1)      230(7.2)
           197(< 1)      152(< 1)      116(< 1)      111(1.4)      132(  3)      139(3.4)      147(3.7)      137(7.4)
521.1      204(< 1)      158(< 1)      124(< 1)      135(2.8)      196(4.9)      222(  4)      226(3.8)      212(6.6)
           204(< 1)      157(< 1)      120(< 1)      112(1.3)      131(2.7)      136(3.2)      142(3.5)      131(6.8)
556.7      211(< 1)      163(< 1)      127(< 1)      136(2.6)      189(4.5)      211(3.7)      213(3.6)      198(6.1)
           210(< 1)      162(< 1)      124(< 1)      114(1.3)      130(2.6)      134(2.9)      138(3.3)      126(6.3)
  594      218(< 1)      169(< 1)      131(< 1)      136(2.4)      183(4.2)      202(3.5)      202(3.4)      187(5.6)
           217(< 1)      167(< 1)      127(< 1)      116(1.2)      129(2.4)      132(2.8)      134(3.1)      122(5.8)
633.2      225(< 1)      174(< 1)      135(< 1)      137(2.3)      178(3.9)      194(3.3)      193(3.2)      177(5.2)
           224(< 1)      173(< 1)      131(< 1)      118(1.1)      129(2.2)      130(2.6)      132(2.9)      119(5.4)
674.4      232(< 1)      179(< 1)      138(< 1)      139(2.1)      174(3.6)      188(3.1)      185(  3)      169(4.8)
           231(< 1)      178(< 1)      135(< 1)      120(  1)      129(2.1)      129(2.4)      130(2.7)      116(  5)
717.6      239(< 1)      185(< 1)      142(< 1)      140(  2)      171(3.4)      183(2.9)      179(2.9)      163(4.5)
           239(< 1)      184(< 1)      139(< 1)      123(< 1)      129(  2)      129(2.3)      128(2.6)      114(4.7)
  763      247(< 1)      190(< 1)      146(< 1)      141(1.8)      169(3.1)      178(2.8)      174(2.7)      157(4.2)
           246(< 1)      189(< 1)      143(< 1)      125(< 1)      130(1.8)      128(2.1)      127(2.4)      113(4.4)
810.6      254(< 1)      196(< 1)      150(< 1)      143(1.7)      167(2.9)      175(2.6)      169(2.6)      153(3.9)
           254(< 1)      195(< 1)      147(< 1)      128(< 1)      130(1.7)      128(  2)      126(2.3)      111(4.1)
860.7      262(< 1)      202(< 1)      154(< 1)      145(1.6)      165(2.7)      172(2.5)      166(2.4)      149(3.7)
           261(< 1)      201(< 1)      151(< 1)      130(< 1)      131(1.6)      129(1.9)      125(2.2)      111(3.8)
913.2      270(< 1)      208(< 1)      158(< 1)      147(1.5)      164(2.6)      169(2.3)      163(2.3)      146(3.4)
           269(< 1)      207(< 1)      155(< 1)      133(< 1)      132(1.5)      129(1.8)      125(2.1)      110(3.6)
968.4      278(< 1)      214(< 1)      163(< 1)      149(1.4)      164(2.4)      167(2.2)      160(2.2)      143(3.2)
           277(< 1)      213(< 1)      160(< 1)      136(< 1)      134(1.4)      130(1.7)      125(  2)      110(3.4)
 1026      286(< 1)      220(< 1)      167(< 1)      152(1.3)      164(2.3)      166(2.1)      158(2.1)      141(  3)
           285(< 1)      219(< 1)      164(< 1)      139(< 1)      135(1.4)      130(1.6)      125(1.9)      110(3.2)
 1087      294(< 1)      226(< 1)      171(< 1)      154(1.2)      164(2.1)      165(  2)      156(  2)      139(2.8)
           293(< 1)      225(< 1)      169(< 1)      142(< 1)      137(1.3)      131(1.5)      126(1.8)      110(  3)
 1151      302(< 1)      233(< 1)      176(< 1)      157(1.2)      164(  2)      164(1.9)      155(1.9)      138(2.7)
           302(< 1)      232(< 1)      173(< 1)      145(< 1)      138(1.2)      132(1.4)      126(1.7)      110(2.8)
 1218      311(< 1)      239(< 1)      181(< 1)      160(1.1)      164(1.9)      164(1.8)      154(1.8)      137(2.5)
           311(< 1)      238(< 1)      178(< 1)      148(< 1)      140(1.1)      134(1.3)      127(1.6)      111(2.7)
 1288      320(< 1)      246(< 1)      185(< 1)      163(  1)      165(1.8)      163(1.7)      154(1.7)      137(2.4)
           319(< 1)      245(< 1)      183(< 1)      152(< 1)      142(1.1)      135(1.3)      128(1.5)      112(2.5)
 1362      329(< 1)      253(< 1)      190(< 1)      166(< 1)      166(1.7)      164(1.6)      153(1.6)      136(2.3)
           328(< 1)      252(< 1)      188(< 1)      155(< 1)      144(  1)      137(1.2)      129(1.4)      113(2.4)
 1440      338(< 1)      260(< 1)      195(< 1)      169(< 1)      168(1.6)      164(1.5)      153(1.5)      136(2.1)
           338(< 1)      259(< 1)      193(< 1)      159(< 1)      147(< 1)      138(1.1)      130(1.4)      114(2.3)
 1521      347(< 1)      267(< 1)      200(< 1)      172(< 1)      169(1.5)      165(1.4)      154(1.5)      136(  2)
           347(< 1)      266(< 1)      198(< 1)      162(< 1)      149(< 1)      140(1.1)      131(1.3)      115(2.1)
 1607      357(< 1)      274(< 1)      206(< 1)      176(< 1)      171(1.4)      165(1.4)      154(1.4)      137(1.9)
           357(< 1)      274(< 1)      204(< 1)      166(< 1)      152(< 1)      142(  1)      133(1.2)      116(  2)
 1697      367(< 1)      282(< 1)      211(< 1)      179(< 1)      172(1.3)      167(1.3)      155(1.3)      137(1.8)
           366(< 1)      281(< 1)      209(< 1)      170(< 1)      154(< 1)      144(< 1)      135(1.2)      118(1.9)
 1791      377(< 1)      289(< 1)      217(< 1)      183(< 1)      174(1.3)      168(1.2)      155(1.2)      138(1.7)
           376(< 1)      289(< 1)      215(< 1)      174(< 1)      157(< 1)      147(< 1)      136(1.1)      119(1.8)
 1890      387(< 1)      297(< 1)      222(< 1)      186(< 1)      177(1.2)      169(1.2)      156(1.2)      139(1.6)
           387(< 1)      297(< 1)      220(< 1)      178(< 1)      160(< 1)      149(< 1)      138(1.1)      121(1.7)
 1994      398(< 1)      305(< 1)      228(< 1)      190(< 1)      179(1.1)      171(1.1)      158(1.1)      140(1.5)
           397(< 1)      305(< 1)      226(< 1)      182(< 1)      163(< 1)      151(< 1)      140(< 1)      122(1.6)
 2103      408(< 1)      313(< 1)      234(< 1)      194(< 1)      181(1.1)      173(  1)      159(1.1)      141(1.4)
           408(< 1)      313(< 1)      232(< 1)      186(< 1)      166(< 1)      154(< 1)      142(< 1)      124(1.5)
 2218      419(< 1)      322(< 1)      240(< 1)      199(< 1)      184(  1)      175(< 1)      161(  1)      142(1.4)
           419(< 1)      321(< 1)      238(< 1)      191(< 1)      169(< 1)      157(< 1)      144(< 1)      126(1.5)
 2339      430(< 1)      330(< 1)      246(< 1)      203(< 1)      187(< 1)      177(< 1)      162(< 1)      144(1.3)
           430(< 1)      330(< 1)      244(< 1)      195(< 1)      172(< 1)      159(< 1)      147(< 1)      128(1.4)
 2465      442(< 1)      339(< 1)      252(< 1)      207(< 1)      190(< 1)      179(< 1)      164(< 1)      145(1.2)
           441(< 1)      338(< 1)      251(< 1)      200(< 1)      176(< 1)      162(< 1)      149(< 1)      131(1.3)
 2598      453(< 1)      348(< 1)      259(< 1)      212(< 1)      193(< 1)      181(< 1)      166(< 1)      147(1.2)
           453(< 1)      347(< 1)      257(< 1)      205(< 1)      179(< 1)      165(< 1)      152(< 1)      133(1.3)
 2737      465(< 1)      357(< 1)      266(< 1)      216(< 1)      196(< 1)      184(< 1)      168(< 1)      149(1.1)
           465(< 1)      357(< 1)      264(< 1)      210(< 1)      183(< 1)      168(< 1)      154(< 1)      135(1.2)
 2883      478(< 1)      366(< 1)      272(< 1)      221(< 1)      199(< 1)      187(< 1)      170(< 1)      151(1.1)
           477(< 1)      366(< 1)      271(< 1)      215(< 1)      187(< 1)      172(< 1)      157(< 1)      138(1.1)
 3037      490(< 1)      376(< 1)      279(< 1)      226(< 1)      203(< 1)      189(< 1)      173(< 1)      153(  1)
           490(< 1)      376(< 1)      278(< 1)      220(< 1)      190(< 1)      175(< 1)      160(< 1)      140(1.1)
 3199      503(< 1)      386(< 1)      286(< 1)      231(< 1)      206(< 1)      192(< 1)      175(< 1)      155(< 1)
           503(< 1)      385(< 1)      285(< 1)      225(< 1)      195(< 1)      179(< 1)      163(< 1)      143(  1)
 3368      516(< 1)      396(< 1)      294(< 1)      237(< 1)      210(< 1)      196(< 1)      178(< 1)      157(< 1)
           516(< 1)      395(< 1)      292(< 1)      231(< 1)      199(< 1)      182(< 1)      166(< 1)      146(< 1)
 3546      530(< 1)      406(< 1)      301(< 1)      242(< 1)      214(< 1)      199(< 1)      181(< 1)      160(< 1)
           529(< 1)      406(< 1)      300(< 1)      236(< 1)      203(< 1)      186(< 1)      169(< 1)      148(< 1)

Surf:             0             1             2             3             4             5             6             7

Successful samplings:
                100           100           100           100           100           100           100           100
Failed samplings:
                  0             0             0             0             0             0             0             0
Dummy samplings:
                  0             0             0             0             0             0             0             0
Out-of-face samplings:
                  0             0             0             0             0             0             0             0
Close-atoms samplings:
                  0             0             0             0             0             0             0             0

Minimal thermal flux x 10^11, cm^3/sec:
T, K:            10          30.5         105.5         487.3          1026          1288          1440          1440
Flux:         45.76         54.64         79.16         135.2         163.6         163.4         153.3         136.1
T, K:            10            20         65.26         291.3         633.2         810.6         968.4          1026
Flux:         38.08         46.98         63.95         103.7         128.9         128.4           125         109.8


*******************************************************

Surface = 0

Minimal energy configuration (Angstrom):

 C  -1.46840  -1.23285   0.46808
 C  -2.28446  -0.92046  -0.80508
 C  -2.46843   0.61273  -0.80722
 C  -1.33054   1.08563   0.06440
 C  -0.78694   0.08238   0.75764
 H  -2.11641  -1.51610   1.30573
 H  -0.76482  -2.05533   0.32041
 H  -3.23033  -1.46164  -0.84649
 H  -1.69882  -1.20835  -1.68092
 H  -2.43874   1.03428  -1.81456
 H  -3.42908   0.90663  -0.36842
 H  -1.03456   2.12467   0.14156
 H   0.01420   0.18947   1.47865
 O   6.77497   0.37184   0.36789
 H   6.46318   0.52112  -0.53842

interatomic distance matrix (Angstrom):

 F1\F2     O1     H2
 C1     8.399  8.185
 C2     9.226   8.87
 C3     9.321  8.936
 C4     8.143  7.837
 C5     7.577  7.378
 H6     9.138  9.009
 H7     7.921  7.721
 H8     10.24  9.899
 H9      8.86  8.421
 H10     9.492  9.008
 H11     10.24  9.901
 H12     8.007  7.697
 H13     6.854  6.765

Minimal energy configuration (Angstrom):

 C  -1.46840  -1.23285   0.46808
 C  -2.28446  -0.92046  -0.80508
 C  -2.46843   0.61273  -0.80722
 C  -1.33054   1.08563   0.06440
 C  -0.78694   0.08238   0.75764
 H  -2.11641  -1.51610   1.30573
 H  -0.76482  -2.05533   0.32041
 H  -3.23033  -1.46164  -0.84649
 H  -1.69882  -1.20835  -1.68092
 H  -2.43874   1.03428  -1.81456
 H  -3.42908   0.90663  -0.36842
 H  -1.03456   2.12467   0.14156
 H   0.01420   0.18947   1.47865
 O   6.77497   0.37184   0.36789
 H   6.46318   0.52112  -0.53842

interatomic distance matrix (Angstrom):

 F1\F2     O1     H2
 C1     8.399  8.185
 C2     9.226   8.87
 C3     9.321  8.936
 C4     8.143  7.837
 C5     7.577  7.378
 H6     9.138  9.009
 H7     7.921  7.721
 H8     10.24  9.899
 H9      8.86  8.421
 H10     9.492  9.008
 H11     10.24  9.901
 H12     8.007  7.697
 H13     6.854  6.765

Surface = 1

Minimal energy configuration (Angstrom):

 C   1.43027  -1.14857   0.67416
 C   2.10786  -0.14540   1.63281
 C   1.24708   1.13461   1.56085
 C  -0.08332   0.61400   1.07389
 C   0.01627  -0.62712   0.59189
 H   1.89584  -1.13881  -0.31828
 H   1.48611  -2.17652   1.03955
 H   3.15567   0.03331   1.38900
 H   2.06685  -0.54339   2.64911
 H   1.17933   1.64553   2.52401
 H   1.65532   1.85831   0.84575
 H  -0.99006   1.20641   1.07903
 H  -0.79808  -1.18770   0.14946
 O  -3.95670   0.14325  -4.47738
 H  -3.03348   0.08318  -4.18592

interatomic distance matrix (Angstrom):

 F1\F2     O1     H2
 C1     7.565  6.713
 C2     8.614  7.768
 C3     8.033  7.243
 C4     6.785  6.054
 C5     6.487  5.713
 H6     7.293  6.384
 H7      8.09  7.269
 H8      9.22   8.33
 H9     9.356  8.551
 H10     8.812  8.075
 H11     7.923  7.103
 H12     6.388  5.758
 H13     5.758  5.041

Minimal energy configuration (Angstrom):

 C   1.43027  -1.14857   0.67416
 C   2.10786  -0.14540   1.63281
 C   1.24708   1.13461   1.56085
 C  -0.08332   0.61400   1.07389
 C   0.01627  -0.62712   0.59189
 H   1.89584  -1.13881  -0.31828
 H   1.48611  -2.17652   1.03955
 H   3.15567   0.03331   1.38900
 H   2.06685  -0.54339   2.64911
 H   1.17933   1.64553   2.52401
 H   1.65532   1.85831   0.84575
 H  -0.99006   1.20641   1.07903
 H  -0.79808  -1.18770   0.14946
 O  -3.95670   0.14325  -4.47738
 H  -3.03348   0.08318  -4.18592

interatomic distance matrix (Angstrom):

 F1\F2     O1     H2
 C1     7.565  6.713
 C2     8.614  7.768
 C3     8.033  7.243
 C4     6.785  6.054
 C5     6.487  5.713
 H6     7.293  6.384
 H7      8.09  7.269
 H8      9.22   8.33
 H9     9.356  8.551
 H10     8.812  8.075
 H11     7.923  7.103
 H12     6.388  5.758
 H13     5.758  5.041

Surface = 2

Minimal energy configuration (Angstrom):

 C   0.54818   1.40160  -0.33755
 C   2.04525   1.13705  -0.60822
 C   2.36470  -0.18731   0.11880
 C   1.00799  -0.83829   0.23585
 C   0.02055   0.02544  -0.01222
 H   0.40309   2.07431   0.51580
 H   0.04543   1.86119  -1.19157
 H   2.68597   1.96064  -0.29127
 H   2.19194   0.99654  -1.68138
 H   3.08629  -0.79880  -0.42774
 H   2.78763  -0.01152   1.11479
 H   0.86898  -1.87076   0.53222
 H  -1.03578  -0.20479   0.05351
 O  -4.84490  -1.27722   0.50568
 H  -5.42374  -2.05505   0.53400

interatomic distance matrix (Angstrom):

 F1\F2     O1     H2
 C1      6.08  6.955
 C2     7.385  8.202
 C3     7.302   8.02
 C4     5.876  6.553
 C5     5.063  5.854
 H6     6.227  7.142
 H7     6.054  6.945
 H8     8.236  9.087
 H9     7.712  8.498
 H10         8  8.656
 H11     7.761  8.482
 H12     5.745  6.295
 H13     3.983  4.786

Minimal energy configuration (Angstrom):

 C   0.54818   1.40160  -0.33755
 C   2.04525   1.13705  -0.60822
 C   2.36470  -0.18731   0.11880
 C   1.00799  -0.83829   0.23585
 C   0.02055   0.02544  -0.01222
 H   0.40309   2.07431   0.51580
 H   0.04543   1.86119  -1.19157
 H   2.68597   1.96064  -0.29127
 H   2.19194   0.99654  -1.68138
 H   3.08629  -0.79880  -0.42774
 H   2.78763  -0.01152   1.11479
 H   0.86898  -1.87076   0.53222
 H  -1.03578  -0.20479   0.05351
 O  -4.84490  -1.27722   0.50568
 H  -5.42374  -2.05505   0.53400

interatomic distance matrix (Angstrom):

 F1\F2     O1     H2
 C1      6.08  6.955
 C2     7.385  8.202
 C3     7.302   8.02
 C4     5.876  6.553
 C5     5.063  5.854
 H6     6.227  7.142
 H7     6.054  6.945
 H8     8.236  9.087
 H9     7.712  8.498
 H10         8  8.656
 H11     7.761  8.482
 H12     5.745  6.295
 H13     3.983  4.786

Surface = 3

Minimal energy configuration (Angstrom):

 C   0.95594  -0.30490   1.02465
 C   1.81277   0.96665   0.84173
 C   1.68585   1.33409  -0.65273
 C   0.39723   0.65798  -1.05334
 C   0.00047  -0.23296  -0.14153
 H   1.56301  -1.21553   0.96122
 H   0.44871  -0.32973   1.99182
 H   2.84720   0.83081   1.15919
 H   1.38439   1.77208   1.44233
 H   1.67046   2.41407  -0.81614
 H   2.52110   0.93604  -1.24068
 H  -0.10656   0.85039  -1.99267
 H  -0.87207  -0.86804  -0.23378
 O  -3.95805  -2.01950  -0.09024
 H  -4.41413  -1.16385  -0.06272

interatomic distance matrix (Angstrom):

 F1\F2     O1     H2
 C1     5.323  5.546
 C2     6.564  6.643
 C3     6.589  6.618
 C4     5.202  5.239
 C5     4.343  4.512
 H6     5.678  6.064
 H7     5.158  5.345
 H8     7.483  7.629
 H9     6.728  6.671
 H10     7.202  7.099
 H11     7.214  7.341
 H12     5.166  5.132
 H13     3.297  3.559

Minimal energy configuration (Angstrom):

 C   0.95594  -0.30490   1.02465
 C   1.81277   0.96665   0.84173
 C   1.68585   1.33409  -0.65273
 C   0.39723   0.65798  -1.05334
 C   0.00047  -0.23296  -0.14153
 H   1.56301  -1.21553   0.96122
 H   0.44871  -0.32973   1.99182
 H   2.84720   0.83081   1.15919
 H   1.38439   1.77208   1.44233
 H   1.67046   2.41407  -0.81614
 H   2.52110   0.93604  -1.24068
 H  -0.10656   0.85039  -1.99267
 H  -0.87207  -0.86804  -0.23378
 O  -3.95805  -2.01950  -0.09024
 H  -4.41413  -1.16385  -0.06272

interatomic distance matrix (Angstrom):

 F1\F2     O1     H2
 C1     5.323  5.546
 C2     6.564  6.643
 C3     6.589  6.618
 C4     5.202  5.239
 C5     4.343  4.512
 H6     5.678  6.064
 H7     5.158  5.345
 H8     7.483  7.629
 H9     6.728  6.671
 H10     7.202  7.099
 H11     7.214  7.341
 H12     5.166  5.132
 H13     3.297  3.559

Surface = 4

Minimal energy configuration (Angstrom):

 C  -1.46849   1.32267   0.85828
 C  -0.06072   1.59555   1.43116
 C   0.82014   0.43349   0.92298
 C   0.06501  -0.05015  -0.29112
 C  -1.17908   0.43321  -0.32627
 H  -2.10504   0.79730   1.57978
 H  -1.99216   2.24156   0.58490
 H  -0.05528   1.68870   2.51770
 H   0.31529   2.53313   1.01584
 H   1.83911   0.75310   0.69305
 H   0.89928  -0.36991   1.66464
 H   0.48182  -0.74285  -1.01194
 H  -1.91788   0.18965  -1.07993
 O   1.49179  -3.04122  -2.19377
 H   0.56692  -3.29354  -2.04597

interatomic distance matrix (Angstrom):

 F1\F2     O1     H2
 C1     6.093  5.821
 C2     6.087  6.032
 C3     4.716  4.772
 C4     3.821  3.722
 C5     4.764   4.46
 H6     6.474  6.084
 H7     6.911  6.641
 H8     6.853  6.785
 H9     6.539  6.587
 H10      4.78  5.049
 H11      4.73  4.736
 H12     2.775  2.754
 H13     4.828  4.386

Minimal energy configuration (Angstrom):

 C   0.66391   1.95933  -0.39067
 C   1.56832   1.34905   0.70207
 C   0.83250   0.07815   1.17948
 C  -0.06329  -0.24719   0.00907
 C  -0.15493   0.77542  -0.84445
 H   0.00913   2.73983   0.01416
 H   1.23853   2.41669  -1.19934
 H   1.78285   2.04549   1.51338
 H   2.52079   1.05942   0.25279
 H   1.52081  -0.73257   1.42902
 H   0.23047   0.27033   2.07525
 H  -0.59676  -1.18492  -0.08701
 H  -0.77341   0.78751  -1.73354
 O  -2.31520  -3.19521  -0.56221
 H  -3.08148  -3.30391  -1.14693

interatomic distance matrix (Angstrom):

 F1\F2     O1     H2
 C1     5.956  6.504
 C2      6.11  6.833
 C3     4.864  5.672
 C4     3.753  4.449
 C5     4.529   5.03
 H6       6.4  6.887
 H7     6.673  7.169
 H8     6.969  7.704
 H9     6.493  7.238
 H10     4.974  5.868
 H11     5.044  5.842
 H12     2.687  3.433
 H13     4.428  4.734

Surface = 5

Minimal energy configuration (Angstrom):

 C   0.92755  -1.22806   0.47545
 C   0.87122  -1.51532  -1.04073
 C  -0.56039  -1.13429  -1.47645
 C  -0.99265  -0.17369  -0.39545
 C  -0.18381  -0.22468   0.66558
 H   0.72899  -2.12967   1.06661
 H   1.90268  -0.85083   0.79190
 H   1.13011  -2.54553  -1.28753
 H   1.58266  -0.86286  -1.55171
 H  -0.58815  -0.69368  -2.47565
 H  -1.22422  -2.00649  -1.49567
 H  -1.88122   0.44129  -0.46894
 H  -0.32094   0.34315   1.57768
 O  -0.11036   3.55623   1.51032
 H  -0.31568   2.77888   0.96767

interatomic distance matrix (Angstrom):

 F1\F2     O1     H2
 C1     5.004  4.224
 C2     5.761  4.887
 C3     5.579   4.62
 C4     4.281  3.322
 C5     3.875  3.022
 H6     5.765  5.019
 H7     4.898  4.258
 H8     6.826   5.96
 H9     5.637  4.818
 H10     5.846  4.898
 H11      6.42  5.458
 H12     4.093  3.159
 H13     3.221  2.511

Minimal energy configuration (Angstrom):

 C   0.92755  -1.22806   0.47545
 C   0.87122  -1.51532  -1.04073
 C  -0.56039  -1.13429  -1.47645
 C  -0.99265  -0.17369  -0.39545
 C  -0.18381  -0.22468   0.66558
 H   0.72899  -2.12967   1.06661
 H   1.90268  -0.85083   0.79190
 H   1.13011  -2.54553  -1.28753
 H   1.58266  -0.86286  -1.55171
 H  -0.58815  -0.69368  -2.47565
 H  -1.22422  -2.00649  -1.49567
 H  -1.88122   0.44129  -0.46894
 H  -0.32094   0.34315   1.57768
 O  -0.11036   3.55623   1.51032
 H  -0.31568   2.77888   0.96767

interatomic distance matrix (Angstrom):

 F1\F2     O1     H2
 C1     5.004  4.224
 C2     5.761  4.887
 C3     5.579   4.62
 C4     4.281  3.322
 C5     3.875  3.022
 H6     5.765  5.019
 H7     4.898  4.258
 H8     6.826   5.96
 H9     5.637  4.818
 H10     5.846  4.898
 H11      6.42  5.458
 H12     4.093  3.159
 H13     3.221  2.511

Surface = 6

Minimal energy configuration (Angstrom):

 C   0.37516   0.57039   0.60628
 C  -1.00986  -0.10487   0.50524
 C  -1.73426   0.61828  -0.65098
 C  -0.59138   1.19368  -1.45155
 C   0.55528   1.16765  -0.76809
 H   0.38685   1.35988   1.36678
 H   1.16465  -0.13632   0.87196
 H  -1.56737  -0.07232   1.44193
 H  -0.87353  -1.15470   0.23653
 H  -2.36651  -0.05624  -1.23286
 H  -2.38217   1.42270  -0.28370
 H  -0.71379   1.61540  -2.44166
 H   1.49813   1.56502  -1.12347
 O   2.02516  -2.70905   1.35097
 H   1.34963  -2.56962   0.66898

interatomic distance matrix (Angstrom):

 F1\F2     O1     H2
 C1     3.746  3.288
 C2     4.088  3.416
 C3     5.405  4.628
 C4     5.471  4.736
 C5     4.656  4.082
 H6     4.386  4.105
 H7     2.755  2.449
 H8     4.457  3.917
 H9     3.473   2.67
 H10     5.745  4.873
 H11     6.258  5.547
 H12     6.371  5.608
 H13     4.967  4.509

Minimal energy configuration (Angstrom):

 C   0.74106  -0.96843  -1.34402
 C   1.60015  -1.18919  -0.08002
 C   0.81426  -0.52311   1.07031
 C  -0.59816  -0.49994   0.53863
 C  -0.63794  -0.74201  -0.77379
 H   1.06750  -0.08635  -1.90720
 H   0.78546  -1.81653  -2.03109
 H   2.61388  -0.80044  -0.18249
 H   1.67405  -2.26123   0.11547
 H   0.90789  -1.07120   2.01060
 H   1.16354   0.49815   1.26213
 H  -1.45944  -0.26696   1.15268
 H  -1.53627  -0.73410  -1.37884
 O  -1.69205   3.20618   0.47287
 H  -1.21620   2.36096   0.46597

interatomic distance matrix (Angstrom):

 F1\F2     O1     H2
 C1     5.162  4.265
 C2     5.519  4.564
 C3     4.533  3.579
 C4     3.865  2.928
 C5     4.272  3.391
 H6     4.911  4.103
 H7     6.135  5.262
 H8     5.918  5.008
 H9      6.43  5.463
 H10     5.236  4.322
 H11     4.014  3.125
 H12     3.547  2.727
 H13     4.356  3.617

Surface = 7

Minimal energy configuration (Angstrom):

 C   0.07538  -0.31310  -1.58363
 C   0.82401   1.03721  -1.61022
 C   0.69873   1.60275  -0.17879
 C   0.43232   0.36659   0.64527
 C   0.09347  -0.67485  -0.11841
 H  -0.95775  -0.21096  -1.93576
 H   0.55190  -1.06598  -2.21563
 H   0.44266   1.71912  -2.37103
 H   1.87849   0.85358  -1.82770
 H   1.59553   2.14113   0.13619
 H  -0.13941   2.30396  -0.09158
 H   0.47026   0.35561   1.72767
 H  -0.18316  -1.65336   0.25464
 O  -1.72857  -1.73810   2.40847
 H  -1.51371  -0.89321   1.98317

interatomic distance matrix (Angstrom):

 F1\F2     O1     H2
 C1     4.607  3.948
 C2     5.511  4.701
 C3     4.873  3.975
 C4     3.494  2.677
 C5     3.292  2.655
 H6     4.669  4.017
 H7     5.199  4.683
 H8     6.286  5.442
 H9     6.138  5.393
 H10     5.591  4.721
 H11     5.011  4.052
 H12     3.112  2.358
 H13     2.652   2.31

Minimal energy configuration (Angstrom):

 C   0.07538  -0.31310  -1.58363
 C   0.82401   1.03721  -1.61022
 C   0.69873   1.60275  -0.17879
 C   0.43232   0.36659   0.64527
 C   0.09347  -0.67485  -0.11841
 H  -0.95775  -0.21096  -1.93576
 H   0.55190  -1.06598  -2.21563
 H   0.44266   1.71912  -2.37103
 H   1.87849   0.85358  -1.82770
 H   1.59553   2.14113   0.13619
 H  -0.13941   2.30396  -0.09158
 H   0.47026   0.35561   1.72767
 H  -0.18316  -1.65336   0.25464
 O  -1.72857  -1.73810   2.40847
 H  -1.51371  -0.89321   1.98317

interatomic distance matrix (Angstrom):

 F1\F2     O1     H2
 C1     4.607  3.948
 C2     5.511  4.701
 C3     4.873  3.975
 C4     3.494  2.677
 C5     3.292  2.655
 H6     4.669  4.017
 H7     5.199  4.683
 H8     6.286  5.442
 H9     6.138  5.393
 H10     5.591  4.721
 H11     5.011  4.052
 H12     3.112  2.358
 H13     2.652   2.31

+++++++++++++++++++++++++++++++++++++++++++++++++++++++++++

