NEB log file generated by ORCA
All quantities are given in atomic units. Unless stated otherwise. 
iteration       : 0
climbing        : no
zoom on         : no
nim             : 10
barrier         :   0.00423323 (image:  3) 
distance        :   0.00000000    0.15860579    0.31755468    0.47680514    0.63605977    0.79473669    0.95379428    1.11288460    1.27165920    1.43012352 
energy          : -270.65793018  -270.65629558  -270.65445004  -270.65369696  -270.65556127  -270.66086498  -270.66874071  -270.67738849  -270.68451272  -270.68631724 
max(|Fr_perp|)   :   0.00000000    0.01951300    0.02492862    0.02232559    0.01726808    0.02430147    0.02738015    0.03283056    0.04078536    0.00000000 
Fr_paral         :   0.00000000   -0.01280463   -0.01028845    0.00212832    0.02291530    0.04345615    0.05389888    0.05230674    0.03283596    0.00000000 
max(|Fsp_paral|) :   0.00000000    0.00389768    0.00156245    0.00000117    0.00376567    0.00460485    0.00000015    0.00000171    0.00000163    0.00000000 
max(|Fsp_perp|)  :   0.00000000    0.00000000    0.00000000    0.00000000    0.00000000    0.00000000    0.00000000    0.00000000    0.00000000    0.00000000 
max(|FNEB|)      :   0.00000000    0.02279067    0.02471365    0.02237280    0.02032031    0.02823660    0.02740050    0.03284517    0.04086233    0.00000000 
max(|Force|)     :   0.02118298    0.02100672    0.02613345    0.02213268    0.02625774    0.03118378    0.04291996    0.04803678    0.04435797    0.04991395 
ksp              :   0.04496395    0.08411751    0.10000000    0.10000000    0.06044381    0.01000000    0.01000000    0.01000000    0.01000000 
max(|step|)      :   0.00000000    0.05577429    0.06048027    0.05475165    0.04972872    0.06910177    0.06705565    0.08038007    0.10000000    0.00000000 
angle (deg.)     :    36.5259  12.9388  13.7443  5.3761  8.8168  9.3602  15.2049  53.9389 
>
iteration       : 1
climbing        : no
zoom on         : no
nim             : 10
barrier         :   0.00304897 (image:  3) 
distance        :   0.00000000    0.21135461    0.36619698    0.52305501    0.68087774    0.85313573    1.04197925    1.20772230    1.37701607    1.60072962 
energy          : -270.65793018  -270.65646671  -270.65572841  -270.65488122  -270.65614165  -270.66364382  -270.67638571  -270.68666052  -270.69221870  -270.68631724 
max(|Fr_perp|)   :   0.00000000    0.02506857    0.02177823    0.01656876    0.01605119    0.01625314    0.02654623    0.02970955    0.03141726    0.00000000 
Fr_paral         :   0.00000000   -0.00267501   -0.00545941   -0.00261446    0.02298220    0.06178735    0.07239104    0.05539750    0.01029386    0.00000000 
max(|Fsp_paral|) :   0.00000000    0.00022844    0.00227479    0.00005053    0.00231090    0.00431171    0.00010134    0.00001905    0.00034668    0.00000000 
max(|Fsp_perp|)  :   0.00000000    0.00000000    0.00000000    0.00000000    0.00000000    0.00000000    0.00000000    0.00000000    0.00000000    0.00000000 
max(|FNEB|)      :   0.00000000    0.02523640    0.02345078    0.01660011    0.01424859    0.01539889    0.02664667    0.02968979    0.03143873    0.00000000 
max(|Force|)     :   0.02118298    0.02408872    0.01997173    0.01658118    0.02439387    0.03702393    0.04972179    0.04560370    0.03179601    0.04991395 
ksp              :   0.05319924    0.07499233    0.10000000    0.10000000    0.06279437    0.01000000    0.01000000    0.01000000    0.01000000 
max(|step|)      :   0.00000000    0.02860235    0.03810530    0.04129673    0.03126233    0.06714059    0.08075398    0.08791224    0.10000000    0.00079355 
angle (deg.)     :    37.1112  21.5421  26.3967  7.7949  14.6538  17.6109  25.3991  77.6472 
>
iteration       : 2
climbing        : no
zoom on         : no
nim             : 10
barrier         :   0.00251078 (image:  3) 
distance        :   0.00000000    0.23435860    0.39332138    0.54715424    0.71444242    0.91144082    1.14951933    1.33657180    1.56470351    1.90785328 
energy          : -270.65793018  -270.65643540  -270.65572176  -270.65541941  -270.65652973  -270.66576559  -270.68425137  -270.69444585  -270.69798084  -270.68631724 
max(|Fr_perp|)   :   0.00000000    0.02388342    0.02397312    0.01393207    0.01362133    0.01455454    0.01438905    0.01311523    0.01770359    0.00000000 
Fr_paral         :   0.00000000   -0.00238044    0.00126988   -0.00175756    0.02143180    0.07022480    0.07616038    0.03762926   -0.01321722    0.00000000 
max(|Fsp_paral|) :   0.00000000    0.00051636    0.00063026    0.00069694    0.00281825    0.00563848    0.00027424    0.00019677    0.00062218    0.00000000 
max(|Fsp_perp|)  :   0.00000000    0.00000000    0.00000000    0.00000000    0.00000000    0.00000000    0.00000000    0.00000000    0.00000000    0.00000000 
max(|FNEB|)      :   0.00000000    0.02409136    0.02422784    0.01405260    0.01352766    0.01434331    0.01443394    0.01301917    0.01766608    0.00000000 
max(|Force|)     :   0.02118298    0.02419164    0.02425616    0.01487590    0.01923422    0.03745105    0.04609584    0.02620871    0.01926703    0.04991395 
ksp              :   0.06431940    0.08965245    0.10000000    0.10000000    0.05992871    0.01000000    0.01000000    0.01000000    0.01000000 
max(|step|)      :   0.00000000    0.03824069    0.03845734    0.02230597    0.02147272    0.02276742    0.02291128    0.02066559    0.02804172    0.00000000 
angle (deg.)     :    21.4720  17.4627  29.2101  12.7404  12.1276  26.2626  35.0392  75.5207 
>
iteration       : 3
climbing        : yes
zoom on         : no
nim             : 10
barrier         :   0.00173538 (image:  3) 
distance        :   0.00000000    0.20489670    0.35582377    0.51160025    0.66816775    0.86044595    1.11609386    1.31672384    1.58046011    1.92967166 
energy          : -270.65793018  -270.65795729  -270.65712191  -270.65619481  -270.65685008  -270.66526992  -270.68544971  -270.69598227  -270.69924570  -270.68631724 
max(|Fr_perp|)   :   0.00000000    0.01031394    0.00853889    0.00852778    0.00769277    0.00751445    0.01139247    0.01561695    0.01032535    0.00000000 
Fr_paral         :   0.00000000   -0.00565778   -0.00719339   -0.00431194    0.01888825    0.06760021    0.07778163    0.03610965   -0.01764749    0.00000000 
max(|Fsp_paral|) :   0.00000000    0.00389448    0.00476250    0.00004493    0.00163847    0.00611789    0.00032728    0.00029150    0.00043238    0.00000000 
max(|Fsp_perp|)  :   0.00000000    0.00000000    0.00000000    0.00000000    0.00000000    0.00000000    0.00000000    0.00000000    0.00000000    0.00000000 
max(|FNEB|)      :   0.00000000    0.01194214    0.01325457    0.00869636    0.00666549    0.01145279    0.01154908    0.01538213    0.01078590    0.00000000 
max(|Force|)     :   0.02118298    0.01085502    0.00994723    0.00780740    0.01582762    0.03550801    0.04446197    0.02383235    0.01596844    0.04991395 
ksp              :   0.01000000    0.05202510    0.10000000    0.10000000    0.06602642    0.01000000    0.01000000    0.01000000    0.01000000 
max(|step|)      :   0.00000000    0.01907619    0.02117264    0.01389142    0.01064735    0.01829451    0.01844831    0.02457117    0.01722923    0.00000000 
angle (deg.)     :    29.1547  15.1678  28.5753  13.4990  14.5891  28.2479  44.0454  76.2571 
>
iteration       : 4
climbing        : yes
zoom on         : no
nim             : 10
barrier         :   0.00157929 (image:  3) 
distance        :   0.00000000    0.22303436    0.37992920    0.52525611    0.67843139    0.86231492    1.13516310    1.34905818    1.65770405    2.01203247 
energy          : -270.65793018  -270.65808334  -270.65718678  -270.65635090  -270.65692405  -270.66440941  -270.68579384  -270.69700134  -270.69989187  -270.68631724 
max(|Fr_perp|)   :   0.00000000    0.00901784    0.00737011    0.00625749    0.00657446    0.01285001    0.00546647    0.01066244    0.00721995    0.00000000 
Fr_paral         :   0.00000000   -0.00568517   -0.00661626   -0.00439527    0.01768815    0.06176461    0.07697865    0.03434910   -0.01821773    0.00000000 
max(|Fsp_paral|) :   0.00000000    0.00405042    0.00386006    0.00039648    0.00156195    0.00569567    0.00036053    0.00046922    0.00022390    0.00000000 
max(|Fsp_perp|)  :   0.00000000    0.00000000    0.00000000    0.00000000    0.00000000    0.00000000    0.00000000    0.00000000    0.00000000    0.00000000 
max(|FNEB|)      :   0.00000000    0.01150144    0.00926854    0.00645556    0.00660723    0.01317837    0.00554395    0.01029199    0.00743151    0.00000000 
max(|Force|)     :   0.02118298    0.00918392    0.00847832    0.00605941    0.01269566    0.03384633    0.04372440    0.02081878    0.01300836    0.04991395 
ksp              :   0.01000000    0.05236468    0.10000000    0.10000000    0.06733740    0.01000000    0.01000000    0.01000000    0.01000000 
max(|step|)      :   0.00000000    0.00717419    0.00869776    0.00490389    0.00969576    0.01573479    0.01345924    0.02054675    0.01437656    0.00034438 
angle (deg.)     :    31.5906  14.3506  27.7055  12.0042  11.9503  29.6712  51.8000  77.8530 
>
iteration       : 5
climbing        : yes
zoom on         : no
nim             : 10
barrier         :   0.00153455 (image:  3) 
distance        :   0.00000000    0.23566004    0.39572961    0.53544583    0.68114792    0.85724092    1.14426854    1.37048145    1.72235453    2.08287555 
energy          : -270.65793018  -270.65803654  -270.65713569  -270.65639563  -270.65697159  -270.66384975  -270.68597336  -270.69779811  -270.70040505  -270.68631724 
max(|Fr_perp|)   :   0.00000000    0.00995222    0.00786562    0.00686956    0.00611066    0.00556897    0.00501125    0.00861386    0.00663758    0.00000000 
Fr_paral         :   0.00000000   -0.00551238   -0.00639161   -0.00373831    0.01681667    0.06160041    0.07585951    0.03333550   -0.01902515    0.00000000 
max(|Fsp_paral|) :   0.00000000    0.00449341    0.00298980    0.00030693    0.00150704    0.00511453    0.00037653    0.00064854    0.00004410    0.00000000 
max(|Fsp_perp|)  :   0.00000000    0.00000000    0.00000000    0.00000000    0.00000000    0.00000000    0.00000000    0.00000000    0.00000000    0.00000000 
max(|FNEB|)      :   0.00000000    0.01267152    0.00925412    0.00707092    0.00590356    0.00799574    0.00497210    0.00818861    0.00667426    0.00000000 
max(|Force|)     :   0.02118298    0.01012345    0.00903696    0.00666820    0.01259729    0.03295752    0.04335985    0.01989266    0.01301646    0.04991395 
ksp              :   0.01000000    0.05659660    0.10000000    0.10000000    0.06622056    0.01000000    0.01000000    0.01000000    0.01000000 
max(|step|)      :   0.00000000    0.02890999    0.02259933    0.01340913    0.03038426    0.05001396    0.03467067    0.06159267    0.04505081    0.00102135 
angle (deg.)     :    36.1696  14.4138  24.8397  15.5889  18.1827  33.7439  70.4998  85.3018 
>
iteration       : 6
climbing        : yes
zoom on         : no
nim             : 10
barrier         :   0.00140558 (image:  3) 
distance        :   0.00000000    0.27420107    0.44058011    0.56642719    0.68840135    0.84203566    1.18243455    1.45809028    1.94905698    2.34142627 
energy          : -270.65793018  -270.65806509  -270.65710529  -270.65652461  -270.65694335  -270.66158689  -270.68646743  -270.69985854  -270.70176560  -270.68631724 
max(|Fr_perp|)   :   0.00000000    0.00602090    0.00395012    0.00401697    0.00704310    0.01307288    0.00658859    0.00496724    0.00495022    0.00000000 
Fr_paral         :   0.00000000   -0.00548643   -0.00605549   -0.00272000    0.01283221    0.04790507    0.07325585    0.02811389   -0.02010750    0.00000000 
max(|Fsp_paral|) :   0.00000000    0.00515863    0.00127114    0.00021092    0.00051533    0.00422653    0.00040072    0.00123316    0.00053757    0.00000000 
max(|Fsp_perp|)  :   0.00000000    0.00000000    0.00000000    0.00000000    0.00000000    0.00000000    0.00000000    0.00000000    0.00000000    0.00000000 
max(|FNEB|)      :   0.00000000    0.00891331    0.00439184    0.00425428    0.00705132    0.01374080    0.00658724    0.00490146    0.00467688    0.00000000 
max(|Force|)     :   0.02118298    0.00741940    0.00576031    0.00402926    0.00952429    0.02800392    0.04278250    0.01773168    0.01223301    0.04991395 
ksp              :   0.01000000    0.06281836    0.10000000    0.10000000    0.07318758    0.01000000    0.01000000    0.01000000    0.01000000 
max(|step|)      :   0.00000000    0.04299508    0.02676239    0.01883131    0.02993311    0.04640754    0.03151150    0.06204636    0.05420476    0.00109978 
angle (deg.)     :    41.2349  16.8844  20.3826  14.9841  20.4525  39.6923  86.7357  93.4598 
>
iteration       : 7
climbing        : yes
zoom on         : no
nim             : 10
barrier         :   0.00138379 (image:  3) 
distance        :   0.00000000    0.33139528    0.49310429    0.61329242    0.70956429    0.83828101    1.23503723    1.58631923    2.23189244    2.67954052 
energy          : -270.65793018  -270.65794067  -270.65700746  -270.65654639  -270.65687745  -270.66005454  -270.68654738  -270.70184311  -270.70307918  -270.68631724 
max(|Fr_perp|)   :   0.00000000    0.00277429    0.00247483    0.00587058    0.00942343    0.00390114    0.02241742    0.00362347    0.00398853    0.00000000 
Fr_paral         :   0.00000000   -0.00602230   -0.00542458   -0.00125368    0.00965111    0.03961233    0.06761922    0.02280899   -0.01848152    0.00000000 
max(|Fsp_paral|) :   0.00000000    0.00520546    0.00039905    0.00141404    0.00027928    0.00317996    0.00026953    0.00166040    0.00110344    0.00000000 
max(|Fsp_perp|)  :   0.00000000    0.00000000    0.00000000    0.00000000    0.00000000    0.00000000    0.00000000    0.00000000    0.00000000    0.00000000 
max(|FNEB|)      :   0.00000000    0.00742800    0.00252324    0.00580114    0.00939834    0.00645846    0.02241650    0.00415976    0.00387765    0.00000000 
max(|Force|)     :   0.02118298    0.00555718    0.00490174    0.00594002    0.00892895    0.02226850    0.04258607    0.01357563    0.01169878    0.04991395 
ksp              :   0.01000000    0.07001266    0.10000000    0.10000000    0.07846815    0.01000000    0.01000000    0.01000000    0.01000000 
max(|step|)      :   0.00000000    0.01443439    0.00977912    0.00737937    0.00792129    0.01597602    0.01579211    0.02043962    0.01747381    0.00038423 
angle (deg.)     :    43.2496  17.0464  18.5160  14.3354  20.9720  40.6294  90.9698  95.7295 
>
iteration       : 8
climbing        : yes
zoom on         : yes
nim             : 8
barrier         :   0.00037618 (image:  4) 
distance        :   0.00000000    0.02972625    0.05945251    0.08917876    0.11890502    0.14860144    0.17832770    0.20805395 
energy          : -270.65696998  -270.65682584  -270.65670782  -270.65662666  -270.65659380  -270.65662706  -270.65674643  -270.65697686 
max(|Fr_perp|)   :   0.00000000    0.00174686    0.00204786    0.00206902    0.00172649    0.00199001    0.00198292    0.00000000 
Fr_paral         :  -0.00513657   -0.00444040   -0.00339227   -0.00197222   -0.00010341    0.00245605    0.00574947   -0.00981292 
max(|Fsp_paral|) :   0.00000000    0.00049336    0.00034039    0.00013660    0.00000179    0.00014169    0.00050007    0.00000000 
max(|Fsp_perp|)  :   0.00000000    0.00000000    0.00000000    0.00000000    0.00000000    0.00000000    0.00000000    0.00000000 
max(|FNEB|)      :   0.00173570    0.00185154    0.00207701    0.00212081    0.00177734    0.00207722    0.00225740    0.00229482 
max(|Force|)     :   0.00428757    0.00381771    0.00317850    0.00236398    0.00178641    0.00228676    0.00388505    0.00601007 
ksp              :   0.04449336    0.07276738    0.09221428    0.10000000    0.10000000    0.09202255    0.06367340 
max(|step|)      :   0.00315108    0.00336138    0.00377071    0.00385023    0.00322667    0.00377109    0.00409820    0.00416613 
angle (deg.)     :    1.9129  2.1850  2.2750  14.0922  3.1333  2.7133 
>
iteration       : 9
climbing        : yes
zoom on         : yes
nim             : 8
barrier         :   0.00036662 (image:  4) 
distance        :   0.00000000    0.03130362    0.06057254    0.08969280    0.11896083    0.14816067    0.17682860    0.20821184 
energy          : -270.65698045  -270.65683382  -270.65672192  -270.65664502  -270.65661383  -270.65664941  -270.65676537  -270.65701288 
max(|Fr_perp|)   :   0.00000000    0.00228063    0.00232377    0.00225639    0.00205390    0.00213599    0.00210803    0.00000000 
Fr_paral         :  -0.00504190   -0.00428125   -0.00326456   -0.00188406   -0.00001499    0.00248321    0.00569871   -0.01020610 
max(|Fsp_paral|) :   0.00000000    0.00041959    0.00031671    0.00013883    0.00000404    0.00018030    0.00037380    0.00000000 
max(|Fsp_perp|)  :   0.00000000    0.00000000    0.00000000    0.00000000    0.00000000    0.00000000    0.00000000    0.00000000 
max(|FNEB|)      :   0.00214495    0.00238668    0.00240535    0.00229291    0.00205614    0.00209359    0.00201987    0.00228983 
max(|Force|)     :   0.00399514    0.00361767    0.00307197    0.00229675    0.00205167    0.00248664    0.00348242    0.00582484 
ksp              :   0.04599496    0.07346434    0.09234275    0.10000000    0.10000000    0.09126479    0.06279827 
max(|step|)      :   0.00235029    0.00268917    0.00269345    0.00257131    0.00234597    0.00217405    0.00221978    0.00318428 
angle (deg.)     :    2.7225  3.1190  3.3257  11.1442  4.3797  3.8430 
>
