NEB log file generated by ORCA
All quantities are given in atomic units. Unless stated otherwise. 
iteration       : 0
climbing        : no
zoom on         : no
nim             : 10
barrier         :   0.00000000 (image:  0) 
distance        :   0.00000000    0.90922644    1.82010421    2.73346314    3.64739076    4.55824487    5.45825703    6.35067049    7.23662668    8.12369328 
energy          : -270.65387378  -270.65496677  -270.65600641  -270.65708048  -270.65758490  -270.65800448  -270.65952172  -270.66190823  -270.66388733  -270.66459621 
max(|Fr_perp|)   :   0.00000000    0.01086115    0.00745104    0.00860698    0.01120536    0.01221082    0.01092566    0.00836689    0.00796256    0.00000000 
Fr_paral         :   0.00000000    0.00114629    0.00143738    0.00119347    0.00083570    0.00227209    0.00678914    0.00512482    0.00165322    0.00000000 
max(|Fsp_paral|) :   0.00000000    0.00000717    0.00001142    0.00000276    0.00001527    0.00006882    0.00006177    0.00005188    0.00000694    0.00000000 
max(|Fsp_perp|)  :   0.00000000    0.00000000    0.00000000    0.00000000    0.00000000    0.00000000    0.00000000    0.00000000    0.00000000    0.00000000 
max(|FNEB|)      :   0.00000000    0.01093453    0.00752176    0.00861733    0.01129004    0.01230489    0.01102759    0.00844358    0.00796672    0.00000000 
max(|Force|)     :   0.01929594    0.01068255    0.00758938    0.00893177    0.01113385    0.01200589    0.01124341    0.00864115    0.00806418    0.00852708 
ksp              :   0.01000000    0.01000000    0.01000000    0.01000000    0.01000000    0.01000000    0.01000000    0.01000000    0.01000000 
max(|step|)      :   0.00000000    0.02274174    0.01564382    0.01792241    0.02348114    0.02559184    0.02293530    0.01756105    0.01656926    0.00000000 
angle (deg.)     :    10.1626  13.0563  20.5950  26.2167  41.2423  41.2439  45.2575  35.1853 
>
iteration       : 1
climbing        : no
zoom on         : no
nim             : 10
barrier         :   0.00000000 (image:  0) 
distance        :   0.00000000    0.90992907    1.82175327    2.73563167    3.65086657    4.56455767    5.47209994    6.37869742    7.26828968    8.15604204 
energy          : -270.65387378  -270.65528657  -270.65633050  -270.65748623  -270.65827061  -270.65895503  -270.66032624  -270.66237355  -270.66420307  -270.66459621 
max(|Fr_perp|)   :   0.00000000    0.00497525    0.00456369    0.00740601    0.00946445    0.01001134    0.00943763    0.00788731    0.00760680    0.00000000 
Fr_paral         :   0.00000000    0.00108453    0.00149605    0.00125572    0.00052100   -0.00101067   -0.00229286   -0.00019048    0.00150888    0.00000000 
max(|Fsp_paral|) :   0.00000000    0.00000807    0.00000953    0.00000647    0.00000766    0.00003892    0.00000770    0.00013523    0.00001164    0.00000000 
max(|Fsp_perp|)  :   0.00000000    0.00000000    0.00000000    0.00000000    0.00000000    0.00000000    0.00000000    0.00000000    0.00000000    0.00000000 
max(|FNEB|)      :   0.00000000    0.00497182    0.00456753    0.00740900    0.00946056    0.00999976    0.00943768    0.00788944    0.00760683    0.00000000 
max(|Force|)     :   0.01929594    0.00474605    0.00492874    0.00774410    0.00960507    0.01005770    0.00950090    0.00788914    0.00760420    0.00852708 
ksp              :   0.01000000    0.01000000    0.01000000    0.01000000    0.01000000    0.01000000    0.01000000    0.01000000    0.01000000 
max(|step|)      :   0.00000000    0.01027112    0.01120074    0.01655877    0.02004709    0.02034545    0.01937682    0.01621935    0.01584853    0.00196578 
angle (deg.)     :    10.9041  13.0197  20.6172  26.1927  41.0697  41.1184  45.0204  35.2943 
>
iteration       : 2
climbing        : no
zoom on         : no
nim             : 10
barrier         :   0.00000000 (image:  0) 
distance        :   0.00000000    0.91074240    1.82354091    2.73794626    3.65388496    4.56717597    5.47128844    6.37417398    7.26184361    8.15045576 
energy          : -270.65387378  -270.65543939  -270.65652133  -270.65773348  -270.65868524  -270.65954512  -270.66084057  -270.66270599  -270.66445087  -270.66459621 
max(|Fr_perp|)   :   0.00000000    0.00515616    0.00342936    0.00560504    0.00676495    0.00671464    0.00601165    0.00568825    0.00552341    0.00000000 
Fr_paral         :   0.00000000    0.00113784    0.00153695    0.00130897    0.00088948    0.00008530   -0.00101810    0.00052168    0.00144432    0.00000000 
max(|Fsp_paral|) :   0.00000000    0.00000868    0.00000745    0.00000735    0.00001320    0.00005830    0.00001001    0.00012111    0.00000598    0.00000000 
max(|Fsp_perp|)  :   0.00000000    0.00000000    0.00000000    0.00000000    0.00000000    0.00000000    0.00000000    0.00000000    0.00000000    0.00000000 
max(|FNEB|)      :   0.00000000    0.00515253    0.00343216    0.00560846    0.00675804    0.00669684    0.00601475    0.00569040    0.00552377    0.00000000 
max(|Force|)     :   0.01929594    0.00491966    0.00381167    0.00596490    0.00700819    0.00673170    0.00625384    0.00568259    0.00560852    0.00852708 
ksp              :   0.01000000    0.01000000    0.01000000    0.01000000    0.01000000    0.01000000    0.01000000    0.01000000    0.01000000 
max(|step|)      :   0.00000000    0.03178758    0.03095752    0.04631864    0.05456342    0.05309952    0.04657990    0.04513163    0.04453244    0.00079530 
angle (deg.)     :    13.3146  12.9089  20.9249  26.3119  40.8740  40.3905  44.3211  35.8610 
>
iteration       : 3
climbing        : no
zoom on         : no
nim             : 10
barrier         :   0.00000000 (image:  0) 
distance        :   0.00000000    0.91482789    1.83097494    2.74729199    3.66550375    4.57913568    5.47685722    6.36806137    7.24979377    8.14353852 
energy          : -270.65387378  -270.65574802  -270.65680777  -270.65803822  -270.65904440  -270.65995329  -270.66116079  -270.66286617  -270.66451670  -270.66459621 
max(|Fr_perp|)   :   0.00000000    0.00419697    0.00331103    0.00372771    0.00481641    0.00753774    0.00909749    0.01196000    0.01387635    0.00000000 
Fr_paral         :   0.00000000    0.00144209    0.00149977    0.00127240    0.00111265    0.00186856    0.00389049    0.00305415    0.00141461    0.00000000 
max(|Fsp_paral|) :   0.00000000    0.00000538    0.00000079    0.00000915    0.00002309    0.00010196    0.00005337    0.00007559    0.00007695    0.00000000 
max(|Fsp_perp|)  :   0.00000000    0.00000000    0.00000000    0.00000000    0.00000000    0.00000000    0.00000000    0.00000000    0.00000000    0.00000000 
max(|FNEB|)      :   0.00000000    0.00420032    0.00331217    0.00373237    0.00481674    0.00753837    0.00909771    0.01196046    0.01387580    0.00000000 
max(|Force|)     :   0.01929594    0.00448779    0.00343265    0.00402563    0.00486845    0.00753055    0.00908249    0.01194450    0.01387089    0.00852708 
ksp              :   0.01000000    0.01000000    0.01000000    0.01000000    0.01000000    0.01000000    0.01000000    0.01000000    0.01000000 
max(|step|)      :   0.00000000    0.01196632    0.00933849    0.00815626    0.00727372    0.00861448    0.01045938    0.01374073    0.01591104    0.00002458 
angle (deg.)     :    14.0953  12.8711  21.1854  26.4806  40.8129  40.4261  44.3938  36.1454 
>
iteration       : 4
climbing        : no
zoom on         : no
nim             : 10
barrier         :   0.00000000 (image:  0) 
distance        :   0.00000000    0.91567899    1.83353860    2.75035829    3.66871738    4.58334341    5.48447211    6.37949700    7.26131301    8.15524793 
energy          : -270.65387378  -270.65585889  -270.65691277  -270.65812840  -270.65913227  -270.66005304  -270.66127340  -270.66298555  -270.66466098  -270.66459621 
max(|Fr_perp|)   :   0.00000000    0.00434419    0.00329361    0.00237334    0.00311593    0.00484089    0.00573314    0.00721887    0.00794503    0.00000000 
Fr_paral         :   0.00000000    0.00169618    0.00148330    0.00126971    0.00092822    0.00058270    0.00127972    0.00152794    0.00141763    0.00000000 
max(|Fsp_paral|) :   0.00000000    0.00000874    0.00000483    0.00000743    0.00001880    0.00008634    0.00004997    0.00010554    0.00007691    0.00000000 
max(|Fsp_perp|)  :   0.00000000    0.00000000    0.00000000    0.00000000    0.00000000    0.00000000    0.00000000    0.00000000    0.00000000    0.00000000 
max(|FNEB|)      :   0.00000000    0.00434954    0.00329376    0.00237400    0.00311620    0.00484134    0.00573319    0.00721900    0.00794498    0.00000000 
max(|Force|)     :   0.01929594    0.00470787    0.00340915    0.00245338    0.00311362    0.00483906    0.00573071    0.00721722    0.00794507    0.00852708 
ksp              :   0.01000000    0.01000000    0.01000000    0.01000000    0.01000000    0.01000000    0.01000000    0.01000000    0.01000000 
max(|step|)      :   0.00000000    0.00279054    0.00313868    0.00336204    0.00485169    0.00590050    0.00539417    0.00383664    0.00307561    0.00008587 
angle (deg.)     :    14.1248  12.8659  21.1995  26.4656  40.7423  40.4862  44.3619  36.1026 
>
iteration       : 5
climbing        : no
zoom on         : no
nim             : 10
barrier         :   0.00000000 (image:  0) 
distance        :   0.00000000    0.91522799    1.83352808    2.75028056    3.66828619    4.58249458    5.48313494    6.37798282    7.25947303    8.15264453 
energy          : -270.65387378  -270.65588434  -270.65693497  -270.65814769  -270.65916549  -270.66010739  -270.66132615  -270.66303704  -270.66471408  -270.66459621 
max(|Fr_perp|)   :   0.00000000    0.00425859    0.00326580    0.00230661    0.00168252    0.00197911    0.00241003    0.00319316    0.00369762    0.00000000 
Fr_paral         :   0.00000000    0.00174800    0.00148836    0.00128626    0.00104564    0.00090195    0.00137362    0.00167236    0.00143033    0.00000000 
max(|Fsp_paral|) :   0.00000000    0.00001229    0.00000719    0.00000605    0.00001915    0.00008683    0.00004741    0.00010673    0.00007374    0.00000000 
max(|Fsp_perp|)  :   0.00000000    0.00000000    0.00000000    0.00000000    0.00000000    0.00000000    0.00000000    0.00000000    0.00000000    0.00000000 
max(|FNEB|)      :   0.00000000    0.00426592    0.00326555    0.00230707    0.00167265    0.00197942    0.00241003    0.00319323    0.00369759    0.00000000 
max(|Force|)     :   0.01929594    0.00463592    0.00338130    0.00238756    0.00193736    0.00199375    0.00240791    0.00319225    0.00369771    0.00852708 
ksp              :   0.01000000    0.01000000    0.01000000    0.01000000    0.01000000    0.01000000    0.01000000    0.01000000    0.01000000 
max(|step|)      :   0.00000000    0.01670926    0.01270247    0.00824487    0.00964857    0.01014685    0.00941057    0.00811306    0.00690837    0.00255096 
angle (deg.)     :    15.3590  12.8344  21.4681  26.5643  40.5067  40.4609  44.1409  36.3202 
>
iteration       : 6
climbing        : no
zoom on         : no
nim             : 10
barrier         :   0.00000000 (image:  0) 
distance        :   0.00000000    0.91590084    1.83764053    2.75505370    3.67280171    4.58674848    5.48670098    6.38007632    7.25940124    8.15222519 
energy          : -270.65387378  -270.65602343  -270.65705266  -270.65822877  -270.65921906  -270.66015105  -270.66136425  -270.66307331  -270.66476240  -270.66459621 
max(|Fr_perp|)   :   0.00000000    0.00400120    0.00315962    0.00217439    0.00152843    0.00107381    0.00123158    0.00151828    0.00164309    0.00000000 
Fr_paral         :   0.00000000    0.00189230    0.00146982    0.00128213    0.00116710    0.00137440    0.00168402    0.00196713    0.00146457    0.00000000 
max(|Fsp_paral|) :   0.00000000    0.00002285    0.00002010    0.00000162    0.00001925    0.00008978    0.00005385    0.00011237    0.00008492    0.00000000 
max(|Fsp_perp|)  :   0.00000000    0.00000000    0.00000000    0.00000000    0.00000000    0.00000000    0.00000000    0.00000000    0.00000000    0.00000000 
max(|FNEB|)      :   0.00000000    0.00401552    0.00315734    0.00217419    0.00151815    0.00107409    0.00123170    0.00151863    0.00164307    0.00000000 
max(|Force|)     :   0.01929594    0.00444378    0.00326674    0.00225376    0.00185236    0.00121359    0.00163323    0.00186241    0.00164295    0.00852708 
ksp              :   0.01000000    0.01000000    0.01000000    0.01000000    0.01000000    0.01000000    0.01000000    0.01000000    0.01000000 
max(|step|)      :   0.00000000    0.04077209    0.03088700    0.02345498    0.02047354    0.01297945    0.01160232    0.01594134    0.01869333    0.00557633 
angle (deg.)     :    18.7006  12.7911  22.1593  26.8772  40.0976  40.2199  43.6587  37.0905 
>
iteration       : 7
climbing        : no
zoom on         : no
nim             : 10
barrier         :   0.00000000 (image:  0) 
distance        :   0.00000000    0.92059198    1.85093606    2.77071117    3.68896745    4.60360855    5.50377822    6.39440207    7.26921649    8.16316132 
energy          : -270.65387378  -270.65631973  -270.65729038  -270.65836873  -270.65926882  -270.66015229  -270.66136040  -270.66308196  -270.66479245  -270.66459621 
max(|Fr_perp|)   :   0.00000000    0.00352307    0.00294015    0.00218623    0.00253236    0.00387661    0.00437538    0.00504121    0.00502118    0.00000000 
Fr_paral         :   0.00000000    0.00212130    0.00139911    0.00121228    0.00116777    0.00155273    0.00189076    0.00215624    0.00152903    0.00000000 
max(|Fsp_paral|) :   0.00000000    0.00003590    0.00004915    0.00000740    0.00001845    0.00009323    0.00007829    0.00012679    0.00012033    0.00000000 
max(|Fsp_perp|)  :   0.00000000    0.00000000    0.00000000    0.00000000    0.00000000    0.00000000    0.00000000    0.00000000    0.00000000    0.00000000 
max(|FNEB|)      :   0.00000000    0.00355080    0.00293454    0.00218166    0.00253217    0.00387703    0.00437543    0.00504131    0.00502129    0.00000000 
max(|Force|)     :   0.01929594    0.00411048    0.00302618    0.00257799    0.00282895    0.00387197    0.00437684    0.00504016    0.00502185    0.00852708 
ksp              :   0.01000000    0.01000000    0.01000000    0.01000000    0.01000000    0.01000000    0.01000000    0.01000000    0.01000000 
max(|step|)      :   0.00000000    0.07224580    0.05538623    0.03822232    0.03333779    0.02156039    0.01831164    0.02568626    0.03011329    0.00828998 
angle (deg.)     :    24.9560  12.8229  23.3754  27.4408  39.3791  39.8111  42.7915  38.7986 
>
iteration       : 8
climbing        : no
zoom on         : no
nim             : 10
barrier         :   0.00000000 (image:  0) 
distance        :   0.00000000    0.93605783    1.88369065    2.80963570    3.73038639    4.64717080    5.54777348    6.43392081    7.30156570    8.19924019 
energy          : -270.65387378  -270.65681461  -270.65765447  -270.65853548  -270.65930185  -270.66014543  -270.66136297  -270.66308403  -270.66476815  -270.66459621 
max(|Fr_perp|)   :   0.00000000    0.00274827    0.00258778    0.00269831    0.00310455    0.00319802    0.00304304    0.00614597    0.00995702    0.00000000 
Fr_paral         :   0.00000000    0.00240576    0.00121828    0.00101296    0.00111015    0.00179364    0.00197759    0.00227007    0.00155374    0.00000000 
max(|Fsp_paral|) :   0.00000000    0.00004410    0.00010111    0.00002548    0.00002048    0.00010495    0.00011886    0.00014912    0.00019016    0.00000000 
max(|Fsp_perp|)  :   0.00000000    0.00000000    0.00000000    0.00000000    0.00000000    0.00000000    0.00000000    0.00000000    0.00000000    0.00000000 
max(|FNEB|)      :   0.00000000    0.00278922    0.00257937    0.00268207    0.00309217    0.00316673    0.00303748    0.00614653    0.00995641    0.00000000 
max(|Force|)     :   0.01929594    0.00358882    0.00283679    0.00301965    0.00343040    0.00355122    0.00311957    0.00613988    0.00995364    0.00852708 
ksp              :   0.01000000    0.01000000    0.01000000    0.01000000    0.01000000    0.01000000    0.01000000    0.01000000    0.01000000 
max(|step|)      :   0.00000000    0.10000000    0.07803693    0.05019184    0.03981426    0.02505437    0.02227105    0.03092331    0.03704217    0.01138742 
angle (deg.)     :    33.5546  13.1259  25.0884  28.3512  38.7075  38.8574  41.5745  41.6578 
>
iteration       : 9
climbing        : no
zoom on         : no
nim             : 10
barrier         :   0.00000000 (image:  0) 
distance        :   0.00000000    0.97233472    1.94744330    2.88563317    3.81236360    4.73434618    5.63845167    6.51833960    7.37797538    8.28263076 
energy          : -270.65387378  -270.65740078  -270.65805165  -270.65864082  -270.65916172  -270.65979207  -270.66112394  -270.66309636  -270.66462149  -270.66459621 
max(|Fr_perp|)   :   0.00000000    0.00453745    0.00403778    0.00399528    0.01139566    0.01988529    0.01698437    0.00366613    0.01683075    0.00000000 
Fr_paral         :   0.00000000    0.00243305    0.00093798    0.00068261    0.00061670    0.00064479    0.00234565    0.00229317    0.00097381    0.00000000 
max(|Fsp_paral|) :   0.00000000    0.00001229    0.00017276    0.00005653    0.00002480    0.00011677    0.00019999    0.00016442    0.00028995    0.00000000 
max(|Fsp_perp|)  :   0.00000000    0.00000000    0.00000000    0.00000000    0.00000000    0.00000000    0.00000000    0.00000000    0.00000000    0.00000000 
max(|FNEB|)      :   0.00000000    0.00465798    0.00414552    0.00410092    0.01169198    0.02038975    0.01741750    0.00375685    0.01730083    0.00000000 
max(|Force|)     :   0.01929594    0.00465092    0.00414762    0.00410176    0.01168874    0.02038500    0.01742634    0.00378585    0.01729351    0.00852708 
ksp              :   0.01000000    0.01000000    0.01000000    0.01000000    0.01000000    0.01000000    0.01000000    0.01000000    0.01000000 
max(|step|)      :   0.00000000    0.00360689    0.00321007    0.00317553    0.00905363    0.01578871    0.01348716    0.00290910    0.01339682    0.00000000 
angle (deg.)     :    33.6808  13.1327  25.0779  28.3312  38.6065  38.9420  41.5726  41.6411 
>
